<?xml version="1.0" encoding="UTF-8"?>
<coverage generated="1640095061">
  <project timestamp="1640095061">
    <file name="/Users/kizzill/Documents/Spryker/spryker-sdk/spryker-sdk/src/Core/Appplication/Dependency/AfterCommandExecutedAction/AfterCommandExecutedActionInterface.php">
      <metrics loc="24" ncloc="13" classes="0" methods="0" coveredmethods="0" conditionals="0" coveredconditionals="0" statements="0" coveredstatements="0" elements="0" coveredelements="0"/>
    </file>
    <file name="/Users/kizzill/Documents/Spryker/spryker-sdk/spryker-sdk/src/Core/Appplication/Dependency/CommandExecutorInterface.php">
      <metrics loc="24" ncloc="13" classes="0" methods="0" coveredmethods="0" conditionals="0" coveredconditionals="0" statements="0" coveredstatements="0" elements="0" coveredelements="0"/>
    </file>
    <file name="/Users/kizzill/Documents/Spryker/spryker-sdk/spryker-sdk/src/Core/Appplication/Dependency/ContextRepositoryInterface.php">
      <metrics loc="34" ncloc="15" classes="0" methods="0" coveredmethods="0" conditionals="0" coveredconditionals="0" statements="0" coveredstatements="0" elements="0" coveredelements="0"/>
    </file>
    <file name="/Users/kizzill/Documents/Spryker/spryker-sdk/spryker-sdk/src/Core/Appplication/Dependency/ConverterRegistryInterface.php">
      <metrics loc="27" ncloc="13" classes="0" methods="0" coveredmethods="0" conditionals="0" coveredconditionals="0" statements="0" coveredstatements="0" elements="0" coveredelements="0"/>
    </file>
    <file name="/Users/kizzill/Documents/Spryker/spryker-sdk/spryker-sdk/src/Core/Appplication/Dependency/ConverterRepositoryInterface.php">
      <metrics loc="12" ncloc="8" classes="0" methods="0" coveredmethods="0" conditionals="0" coveredconditionals="0" statements="0" coveredstatements="0" elements="0" coveredelements="0"/>
    </file>
    <file name="/Users/kizzill/Documents/Spryker/spryker-sdk/spryker-sdk/src/Core/Appplication/Dependency/FileManagerInterface.php">
      <metrics loc="27" ncloc="13" classes="0" methods="0" coveredmethods="0" conditionals="0" coveredconditionals="0" statements="0" coveredstatements="0" elements="0" coveredelements="0"/>
    </file>
    <file name="/Users/kizzill/Documents/Spryker/spryker-sdk/spryker-sdk/src/Core/Appplication/Dependency/LifecycleManagerInterface.php">
      <metrics loc="16" ncloc="9" classes="0" methods="0" coveredmethods="0" conditionals="0" coveredconditionals="0" statements="0" coveredstatements="0" elements="0" coveredelements="0"/>
    </file>
    <file name="/Users/kizzill/Documents/Spryker/spryker-sdk/spryker-sdk/src/Core/Appplication/Dependency/ProgressBarInterface.php">
      <metrics loc="47" ncloc="17" classes="0" methods="0" coveredmethods="0" conditionals="0" coveredconditionals="0" statements="0" coveredstatements="0" elements="0" coveredelements="0"/>
    </file>
    <file name="/Users/kizzill/Documents/Spryker/spryker-sdk/spryker-sdk/src/Core/Appplication/Dependency/ProjectSettingRepositoryInterface.php">
      <metrics loc="20" ncloc="11" classes="0" methods="0" coveredmethods="0" conditionals="0" coveredconditionals="0" statements="0" coveredstatements="0" elements="0" coveredelements="0"/>
    </file>
    <file name="/Users/kizzill/Documents/Spryker/spryker-sdk/spryker-sdk/src/Core/Appplication/Dependency/Repository/CommandRepositoryInterface.php">
      <metrics loc="12" ncloc="8" classes="0" methods="0" coveredmethods="0" conditionals="0" coveredconditionals="0" statements="0" coveredstatements="0" elements="0" coveredelements="0"/>
    </file>
    <file name="/Users/kizzill/Documents/Spryker/spryker-sdk/spryker-sdk/src/Core/Appplication/Dependency/Repository/FileRepositoryInterface.php">
      <metrics loc="12" ncloc="8" classes="0" methods="0" coveredmethods="0" conditionals="0" coveredconditionals="0" statements="0" coveredstatements="0" elements="0" coveredelements="0"/>
    </file>
    <file name="/Users/kizzill/Documents/Spryker/spryker-sdk/spryker-sdk/src/Core/Appplication/Dependency/Repository/LifecycleRepositoryInterface.php">
      <metrics loc="12" ncloc="8" classes="0" methods="0" coveredmethods="0" conditionals="0" coveredconditionals="0" statements="0" coveredstatements="0" elements="0" coveredelements="0"/>
    </file>
    <file name="/Users/kizzill/Documents/Spryker/spryker-sdk/spryker-sdk/src/Core/Appplication/Dependency/Repository/PlaceholderRepositoryInterface.php">
      <metrics loc="12" ncloc="8" classes="0" methods="0" coveredmethods="0" conditionals="0" coveredconditionals="0" statements="0" coveredstatements="0" elements="0" coveredelements="0"/>
    </file>
    <file name="/Users/kizzill/Documents/Spryker/spryker-sdk/spryker-sdk/src/Core/Appplication/Dependency/Repository/RemovedEventRepositoryInterface.php">
      <metrics loc="12" ncloc="8" classes="0" methods="0" coveredmethods="0" conditionals="0" coveredconditionals="0" statements="0" coveredstatements="0" elements="0" coveredelements="0"/>
    </file>
    <file name="/Users/kizzill/Documents/Spryker/spryker-sdk/spryker-sdk/src/Core/Appplication/Dependency/Repository/SettingRepositoryInterface.php">
      <metrics loc="60" ncloc="23" classes="0" methods="0" coveredmethods="0" conditionals="0" coveredconditionals="0" statements="0" coveredstatements="0" elements="0" coveredelements="0"/>
    </file>
    <file name="/Users/kizzill/Documents/Spryker/spryker-sdk/spryker-sdk/src/Core/Appplication/Dependency/Repository/TaskRemoveRepositoryInterface.php">
      <metrics loc="20" ncloc="11" classes="0" methods="0" coveredmethods="0" conditionals="0" coveredconditionals="0" statements="0" coveredstatements="0" elements="0" coveredelements="0"/>
    </file>
    <file name="/Users/kizzill/Documents/Spryker/spryker-sdk/spryker-sdk/src/Core/Appplication/Dependency/Repository/TaskRepositoryInterface.php">
      <metrics loc="26" ncloc="13" classes="0" methods="0" coveredmethods="0" conditionals="0" coveredconditionals="0" statements="0" coveredstatements="0" elements="0" coveredelements="0"/>
    </file>
    <file name="/Users/kizzill/Documents/Spryker/spryker-sdk/spryker-sdk/src/Core/Appplication/Dependency/Repository/TaskSaveRepositoryInterface.php">
      <metrics loc="27" ncloc="12" classes="0" methods="0" coveredmethods="0" conditionals="0" coveredconditionals="0" statements="0" coveredstatements="0" elements="0" coveredelements="0"/>
    </file>
    <file name="/Users/kizzill/Documents/Spryker/spryker-sdk/spryker-sdk/src/Core/Appplication/Dependency/SdkUpdateAction/SdkUpdateActionInterface.php">
      <metrics loc="28" ncloc="11" classes="0" methods="0" coveredmethods="0" conditionals="0" coveredconditionals="0" statements="0" coveredstatements="0" elements="0" coveredelements="0"/>
    </file>
    <file name="/Users/kizzill/Documents/Spryker/spryker-sdk/spryker-sdk/src/Core/Appplication/Dependency/TaskManagerInterface.php">
      <metrics loc="35" ncloc="15" classes="0" methods="0" coveredmethods="0" conditionals="0" coveredconditionals="0" statements="0" coveredstatements="0" elements="0" coveredelements="0"/>
    </file>
    <file name="/Users/kizzill/Documents/Spryker/spryker-sdk/spryker-sdk/src/Core/Appplication/Dependency/ValueResolverRegistryInterface.php">
      <metrics loc="27" ncloc="13" classes="0" methods="0" coveredmethods="0" conditionals="0" coveredconditionals="0" statements="0" coveredstatements="0" elements="0" coveredelements="0"/>
    </file>
    <file name="/Users/kizzill/Documents/Spryker/spryker-sdk/spryker-sdk/src/Core/Appplication/Dependency/ValueResolverValidationInterface.php">
      <metrics loc="16" ncloc="9" classes="0" methods="0" coveredmethods="0" conditionals="0" coveredconditionals="0" statements="0" coveredstatements="0" elements="0" coveredelements="0"/>
    </file>
    <file name="/Users/kizzill/Documents/Spryker/spryker-sdk/spryker-sdk/src/Core/Appplication/Dependency/ViolationReportRepositoryInterface.php">
      <metrics loc="43" ncloc="17" classes="0" methods="0" coveredmethods="0" conditionals="0" coveredconditionals="0" statements="0" coveredstatements="0" elements="0" coveredelements="0"/>
    </file>
    <file name="/Users/kizzill/Documents/Spryker/spryker-sdk/spryker-sdk/src/Core/Appplication/DependencyInjection/SprykerSdkCoreExtension.php">
      <class name="SprykerSdk\Sdk\Core\Appplication\DependencyInjection\SprykerSdkCoreExtension" namespace="global">
        <metrics complexity="1" methods="1" coveredmethods="0" conditionals="0" coveredconditionals="0" statements="1" coveredstatements="0" elements="2" coveredelements="0"/>
      </class>
      <line num="23" type="method" name="load" visibility="public" complexity="1" crap="2" count="0"/>
      <line num="25" type="stmt" count="0"/>
      <metrics loc="27" ncloc="17" classes="1" methods="1" coveredmethods="0" conditionals="0" coveredconditionals="0" statements="1" coveredstatements="0" elements="2" coveredelements="0"/>
    </file>
    <file name="/Users/kizzill/Documents/Spryker/spryker-sdk/spryker-sdk/src/Core/Appplication/Dto/CommandResponse.php">
      <class name="SprykerSdk\Sdk\Core\Appplication\Dto\CommandResponse" namespace="global">
        <metrics complexity="7" methods="7" coveredmethods="0" conditionals="0" coveredconditionals="0" statements="11" coveredstatements="0" elements="18" coveredelements="0"/>
      </class>
      <line num="34" type="method" name="__construct" visibility="public" complexity="1" crap="2" count="0"/>
      <line num="36" type="stmt" count="0"/>
      <line num="37" type="stmt" count="0"/>
      <line num="38" type="stmt" count="0"/>
      <line num="44" type="method" name="getIsSuccessful" visibility="public" complexity="1" crap="2" count="0"/>
      <line num="46" type="stmt" count="0"/>
      <line num="54" type="method" name="setIsSuccessful" visibility="public" complexity="1" crap="2" count="0"/>
      <line num="56" type="stmt" count="0"/>
      <line num="58" type="stmt" count="0"/>
      <line num="64" type="method" name="getCode" visibility="public" complexity="1" crap="2" count="0"/>
      <line num="66" type="stmt" count="0"/>
      <line num="74" type="method" name="setCode" visibility="public" complexity="1" crap="2" count="0"/>
      <line num="76" type="stmt" count="0"/>
      <line num="82" type="method" name="getErrorMessage" visibility="public" complexity="1" crap="2" count="0"/>
      <line num="84" type="stmt" count="0"/>
      <line num="92" type="method" name="setErrorMessage" visibility="public" complexity="1" crap="2" count="0"/>
      <line num="94" type="stmt" count="0"/>
      <line num="96" type="stmt" count="0"/>
      <metrics loc="98" ncloc="56" classes="1" methods="7" coveredmethods="0" conditionals="0" coveredconditionals="0" statements="11" coveredstatements="0" elements="18" coveredelements="0"/>
    </file>
    <file name="/Users/kizzill/Documents/Spryker/spryker-sdk/spryker-sdk/src/Core/Appplication/Dto/ReceiverValue.php">
      <class name="SprykerSdk\Sdk\Core\Appplication\Dto\ReceiverValue" namespace="global">
        <metrics complexity="5" methods="5" coveredmethods="0" conditionals="0" coveredconditionals="0" statements="8" coveredstatements="0" elements="13" coveredelements="0"/>
      </class>
      <line num="28" type="method" name="__construct" visibility="public" complexity="1" crap="2" count="0"/>
      <line num="30" type="stmt" count="0"/>
      <line num="31" type="stmt" count="0"/>
      <line num="32" type="stmt" count="0"/>
      <line num="33" type="stmt" count="0"/>
      <line num="39" type="method" name="getDescription" visibility="public" complexity="1" crap="2" count="0"/>
      <line num="41" type="stmt" count="0"/>
      <line num="47" type="method" name="getDefaultValue" visibility="public" complexity="1" crap="2" count="0"/>
      <line num="49" type="stmt" count="0"/>
      <line num="55" type="method" name="getType" visibility="public" complexity="1" crap="2" count="0"/>
      <line num="57" type="stmt" count="0"/>
      <line num="63" type="method" name="getChoiceValues" visibility="public" complexity="1" crap="2" count="0"/>
      <line num="65" type="stmt" count="0"/>
      <metrics loc="67" ncloc="45" classes="1" methods="5" coveredmethods="0" conditionals="0" coveredconditionals="0" statements="8" coveredstatements="0" elements="13" coveredelements="0"/>
    </file>
    <file name="/Users/kizzill/Documents/Spryker/spryker-sdk/spryker-sdk/src/Core/Appplication/Exception/MissingSettingException.php">
      <class name="SprykerSdk\Sdk\Core\Appplication\Exception\MissingSettingException" namespace="global">
        <metrics complexity="0" methods="0" coveredmethods="0" conditionals="0" coveredconditionals="0" statements="0" coveredstatements="0" elements="0" coveredelements="0"/>
      </class>
      <metrics loc="14" ncloc="10" classes="0" methods="0" coveredmethods="0" conditionals="0" coveredconditionals="0" statements="0" coveredstatements="0" elements="0" coveredelements="0"/>
    </file>
    <file name="/Users/kizzill/Documents/Spryker/spryker-sdk/spryker-sdk/src/Core/Appplication/Exception/MissingValueException.php">
      <class name="SprykerSdk\Sdk\Core\Appplication\Exception\MissingValueException" namespace="global">
        <metrics complexity="0" methods="0" coveredmethods="0" conditionals="0" coveredconditionals="0" statements="0" coveredstatements="0" elements="0" coveredelements="0"/>
      </class>
      <metrics loc="14" ncloc="10" classes="0" methods="0" coveredmethods="0" conditionals="0" coveredconditionals="0" statements="0" coveredstatements="0" elements="0" coveredelements="0"/>
    </file>
    <file name="/Users/kizzill/Documents/Spryker/spryker-sdk/spryker-sdk/src/Core/Appplication/Exception/TaskMissingException.php">
      <class name="SprykerSdk\Sdk\Core\Appplication\Exception\TaskMissingException" namespace="global">
        <metrics complexity="0" methods="0" coveredmethods="0" conditionals="0" coveredconditionals="0" statements="0" coveredstatements="0" elements="0" coveredelements="0"/>
      </class>
      <metrics loc="14" ncloc="10" classes="0" methods="0" coveredmethods="0" conditionals="0" coveredconditionals="0" statements="0" coveredstatements="0" elements="0" coveredelements="0"/>
    </file>
    <file name="/Users/kizzill/Documents/Spryker/spryker-sdk/spryker-sdk/src/Core/Appplication/Exception/UnresolvablePlaceholderException.php">
      <class name="SprykerSdk\Sdk\Core\Appplication\Exception\UnresolvablePlaceholderException" namespace="global">
        <metrics complexity="0" methods="0" coveredmethods="0" conditionals="0" coveredconditionals="0" statements="0" coveredstatements="0" elements="0" coveredelements="0"/>
      </class>
      <metrics loc="14" ncloc="10" classes="0" methods="0" coveredmethods="0" conditionals="0" coveredconditionals="0" statements="0" coveredstatements="0" elements="0" coveredelements="0"/>
    </file>
    <file name="/Users/kizzill/Documents/Spryker/spryker-sdk/spryker-sdk/src/Core/Appplication/Lifecycle/Event/InitializedEvent.php">
      <class name="SprykerSdk\Sdk\Core\Appplication\Lifecycle\Event\InitializedEvent" namespace="global">
        <metrics complexity="0" methods="0" coveredmethods="0" conditionals="0" coveredconditionals="0" statements="0" coveredstatements="0" elements="0" coveredelements="0"/>
      </class>
      <metrics loc="16" ncloc="9" classes="0" methods="0" coveredmethods="0" conditionals="0" coveredconditionals="0" statements="0" coveredstatements="0" elements="0" coveredelements="0"/>
    </file>
    <file name="/Users/kizzill/Documents/Spryker/spryker-sdk/spryker-sdk/src/Core/Appplication/Lifecycle/Event/LifecycleEvent.php">
      <class name="SprykerSdk\Sdk\Core\Appplication\Lifecycle\Event\LifecycleEvent" namespace="global">
        <metrics complexity="2" methods="2" coveredmethods="0" conditionals="0" coveredconditionals="0" statements="2" coveredstatements="0" elements="4" coveredelements="0"/>
      </class>
      <line num="20" type="method" name="__construct" visibility="public" complexity="1" crap="2" count="0"/>
      <line num="22" type="stmt" count="0"/>
      <line num="28" type="method" name="getTask" visibility="public" complexity="1" crap="2" count="0"/>
      <line num="30" type="stmt" count="0"/>
      <metrics loc="32" ncloc="22" classes="1" methods="2" coveredmethods="0" conditionals="0" coveredconditionals="0" statements="2" coveredstatements="0" elements="4" coveredelements="0"/>
    </file>
    <file name="/Users/kizzill/Documents/Spryker/spryker-sdk/spryker-sdk/src/Core/Appplication/Lifecycle/Event/RemovedEvent.php">
      <class name="SprykerSdk\Sdk\Core\Appplication\Lifecycle\Event\RemovedEvent" namespace="global">
        <metrics complexity="0" methods="0" coveredmethods="0" conditionals="0" coveredconditionals="0" statements="0" coveredstatements="0" elements="0" coveredelements="0"/>
      </class>
      <metrics loc="16" ncloc="9" classes="0" methods="0" coveredmethods="0" conditionals="0" coveredconditionals="0" statements="0" coveredstatements="0" elements="0" coveredelements="0"/>
    </file>
    <file name="/Users/kizzill/Documents/Spryker/spryker-sdk/spryker-sdk/src/Core/Appplication/Lifecycle/Event/UpdatedEvent.php">
      <class name="SprykerSdk\Sdk\Core\Appplication\Lifecycle\Event\UpdatedEvent" namespace="global">
        <metrics complexity="0" methods="0" coveredmethods="0" conditionals="0" coveredconditionals="0" statements="0" coveredstatements="0" elements="0" coveredelements="0"/>
      </class>
      <metrics loc="16" ncloc="9" classes="0" methods="0" coveredmethods="0" conditionals="0" coveredconditionals="0" statements="0" coveredstatements="0" elements="0" coveredelements="0"/>
    </file>
    <file name="/Users/kizzill/Documents/Spryker/spryker-sdk/spryker-sdk/src/Core/Appplication/Lifecycle/Subscriber/InitializedEventSubscriber.php">
      <class name="SprykerSdk\Sdk\Core\Appplication\Lifecycle\Subscriber\InitializedEventSubscriber" namespace="global">
        <metrics complexity="3" methods="3" coveredmethods="0" conditionals="0" coveredconditionals="0" statements="7" coveredstatements="0" elements="10" coveredelements="0"/>
      </class>
      <line num="19" type="method" name="getSubscribedEvents" visibility="public" complexity="1" crap="2" count="0"/>
      <line num="21" type="stmt" count="0"/>
      <line num="31" type="method" name="onInitializedEvent" visibility="public" complexity="1" crap="2" count="0"/>
      <line num="34" type="stmt" count="0"/>
      <line num="35" type="stmt" count="0"/>
      <line num="36" type="stmt" count="0"/>
      <line num="38" type="stmt" count="0"/>
      <line num="40" type="stmt" count="0"/>
      <line num="48" type="method" name="doManageFile" visibility="protected" complexity="1" crap="2" count="0"/>
      <line num="50" type="stmt" count="0"/>
      <metrics loc="52" ncloc="35" classes="1" methods="3" coveredmethods="0" conditionals="0" coveredconditionals="0" statements="7" coveredstatements="0" elements="10" coveredelements="0"/>
    </file>
    <file name="/Users/kizzill/Documents/Spryker/spryker-sdk/spryker-sdk/src/Core/Appplication/Lifecycle/Subscriber/LifecycleEventSubscriber.php">
      <class name="SprykerSdk\Sdk\Core\Appplication\Lifecycle\Subscriber\LifecycleEventSubscriber" namespace="global">
        <metrics complexity="8" methods="4" coveredmethods="0" conditionals="0" coveredconditionals="0" statements="19" coveredstatements="0" elements="23" coveredelements="0"/>
      </class>
      <line num="42" type="method" name="__construct" visibility="public" complexity="1" crap="2" count="0"/>
      <line num="47" type="stmt" count="0"/>
      <line num="48" type="stmt" count="0"/>
      <line num="49" type="stmt" count="0"/>
      <line num="58" type="method" name="manageFiles" visibility="protected" complexity="4" crap="20" count="0"/>
      <line num="60" type="stmt" count="0"/>
      <line num="62" type="stmt" count="0"/>
      <line num="63" type="stmt" count="0"/>
      <line num="66" type="stmt" count="0"/>
      <line num="68" type="stmt" count="0"/>
      <line num="69" type="stmt" count="0"/>
      <line num="70" type="stmt" count="0"/>
      <line num="72" type="stmt" count="0"/>
      <line num="73" type="stmt" count="0"/>
      <line num="75" type="stmt" count="0"/>
      <line num="87" type="method" name="executeCommands" visibility="protected" complexity="2" crap="6" count="0"/>
      <line num="89" type="stmt" count="0"/>
      <line num="90" type="stmt" count="0"/>
      <line num="99" type="method" name="createContext" visibility="protected" complexity="1" crap="2" count="0"/>
      <line num="101" type="stmt" count="0"/>
      <line num="102" type="stmt" count="0"/>
      <line num="104" type="stmt" count="0"/>
      <line num="106" type="stmt" count="0"/>
      <metrics loc="115" ncloc="74" classes="1" methods="4" coveredmethods="0" conditionals="0" coveredconditionals="0" statements="19" coveredstatements="0" elements="23" coveredelements="0"/>
    </file>
    <file name="/Users/kizzill/Documents/Spryker/spryker-sdk/spryker-sdk/src/Core/Appplication/Lifecycle/Subscriber/RemovedEventSubscriber.php">
      <class name="SprykerSdk\Sdk\Core\Appplication\Lifecycle\Subscriber\RemovedEventSubscriber" namespace="global">
        <metrics complexity="3" methods="3" coveredmethods="0" conditionals="0" coveredconditionals="0" statements="7" coveredstatements="0" elements="10" coveredelements="0"/>
      </class>
      <line num="19" type="method" name="getSubscribedEvents" visibility="public" complexity="1" crap="2" count="0"/>
      <line num="21" type="stmt" count="0"/>
      <line num="31" type="method" name="onRemovedEvent" visibility="public" complexity="1" crap="2" count="0"/>
      <line num="34" type="stmt" count="0"/>
      <line num="35" type="stmt" count="0"/>
      <line num="36" type="stmt" count="0"/>
      <line num="38" type="stmt" count="0"/>
      <line num="40" type="stmt" count="0"/>
      <line num="48" type="method" name="doManageFile" visibility="protected" complexity="1" crap="2" count="0"/>
      <line num="50" type="stmt" count="0"/>
      <metrics loc="52" ncloc="35" classes="1" methods="3" coveredmethods="0" conditionals="0" coveredconditionals="0" statements="7" coveredstatements="0" elements="10" coveredelements="0"/>
    </file>
    <file name="/Users/kizzill/Documents/Spryker/spryker-sdk/spryker-sdk/src/Core/Appplication/Lifecycle/Subscriber/UpdatedEventSubscriber.php">
      <class name="SprykerSdk\Sdk\Core\Appplication\Lifecycle\Subscriber\UpdatedEventSubscriber" namespace="global">
        <metrics complexity="3" methods="3" coveredmethods="0" conditionals="0" coveredconditionals="0" statements="7" coveredstatements="0" elements="10" coveredelements="0"/>
      </class>
      <line num="19" type="method" name="getSubscribedEvents" visibility="public" complexity="1" crap="2" count="0"/>
      <line num="21" type="stmt" count="0"/>
      <line num="31" type="method" name="onUpdatedEvent" visibility="public" complexity="1" crap="2" count="0"/>
      <line num="34" type="stmt" count="0"/>
      <line num="35" type="stmt" count="0"/>
      <line num="36" type="stmt" count="0"/>
      <line num="38" type="stmt" count="0"/>
      <line num="40" type="stmt" count="0"/>
      <line num="48" type="method" name="doManageFile" visibility="protected" complexity="1" crap="2" count="0"/>
      <line num="50" type="stmt" count="0"/>
      <metrics loc="52" ncloc="35" classes="1" methods="3" coveredmethods="0" conditionals="0" coveredconditionals="0" statements="7" coveredstatements="0" elements="10" coveredelements="0"/>
    </file>
    <file name="/Users/kizzill/Documents/Spryker/spryker-sdk/spryker-sdk/src/Core/Appplication/Service/AfterCommandExecutedAction/LogEventAction.php">
      <class name="SprykerSdk\Sdk\Core\Appplication\Service\AfterCommandExecutedAction\LogEventAction" namespace="global">
        <metrics complexity="2" methods="2" coveredmethods="0" conditionals="0" coveredconditionals="0" statements="3" coveredstatements="0" elements="5" coveredelements="0"/>
      </class>
      <line num="27" type="method" name="__construct" visibility="public" complexity="1" crap="2" count="0"/>
      <line num="29" type="stmt" count="0"/>
      <line num="39" type="method" name="execute" visibility="public" complexity="1" crap="2" count="0"/>
      <line num="41" type="stmt" count="0"/>
      <line num="43" type="stmt" count="0"/>
      <metrics loc="45" ncloc="28" classes="1" methods="2" coveredmethods="0" conditionals="0" coveredconditionals="0" statements="3" coveredstatements="0" elements="5" coveredelements="0"/>
    </file>
    <file name="/Users/kizzill/Documents/Spryker/spryker-sdk/spryker-sdk/src/Core/Appplication/Service/CommandExecutor.php">
      <class name="SprykerSdk\Sdk\Core\Appplication\Service\CommandExecutor" namespace="global">
        <metrics complexity="8" methods="3" coveredmethods="0" conditionals="0" coveredconditionals="0" statements="15" coveredstatements="0" elements="18" coveredelements="0"/>
      </class>
      <line num="39" type="method" name="__construct" visibility="public" complexity="1" crap="2" count="0"/>
      <line num="44" type="stmt" count="0"/>
      <line num="45" type="stmt" count="0"/>
      <line num="46" type="stmt" count="0"/>
      <line num="56" type="method" name="execute" visibility="public" complexity="5" crap="30" count="0"/>
      <line num="58" type="stmt" count="0"/>
      <line num="59" type="stmt" count="0"/>
      <line num="60" type="stmt" count="0"/>
      <line num="63" type="stmt" count="0"/>
      <line num="64" type="stmt" count="0"/>
      <line num="72" type="stmt" count="0"/>
      <line num="75" type="stmt" count="0"/>
      <line num="77" type="stmt" count="0"/>
      <line num="80" type="stmt" count="0"/>
      <line num="90" type="method" name="executeAfterCommandExecutedActions" visibility="protected" complexity="2" crap="6" count="0"/>
      <line num="92" type="stmt" count="0"/>
      <line num="93" type="stmt" count="0"/>
      <line num="96" type="stmt" count="0"/>
      <metrics loc="98" ncloc="66" classes="1" methods="3" coveredmethods="0" conditionals="0" coveredconditionals="0" statements="15" coveredstatements="0" elements="18" coveredelements="0"/>
    </file>
    <file name="/Users/kizzill/Documents/Spryker/spryker-sdk/spryker-sdk/src/Core/Appplication/Service/ContextSerializer.php">
      <class name="SprykerSdk\Sdk\Core\Appplication\Service\ContextSerializer" namespace="global">
        <metrics complexity="8" methods="2" coveredmethods="1" conditionals="0" coveredconditionals="0" statements="22" coveredstatements="11" elements="24" coveredelements="12"/>
      </class>
      <line num="23" type="method" name="serialize" visibility="public" complexity="1" crap="1" count="1"/>
      <line num="25" type="stmt" count="1"/>
      <line num="26" type="stmt" count="1"/>
      <line num="27" type="stmt" count="1"/>
      <line num="28" type="stmt" count="1"/>
      <line num="30" type="stmt" count="1"/>
      <line num="31" type="stmt" count="1"/>
      <line num="33" type="stmt" count="1"/>
      <line num="34" type="stmt" count="1"/>
      <line num="35" type="stmt" count="1"/>
      <line num="36" type="stmt" count="1"/>
      <line num="39" type="stmt" count="1"/>
      <line num="47" type="method" name="deserialize" visibility="public" complexity="7" crap="56" count="0"/>
      <line num="49" type="stmt" count="0"/>
      <line num="50" type="stmt" count="0"/>
      <line num="52" type="stmt" count="0"/>
      <line num="53" type="stmt" count="0"/>
      <line num="56" type="stmt" count="0"/>
      <line num="57" type="stmt" count="0"/>
      <line num="60" type="stmt" count="0"/>
      <line num="61" type="stmt" count="0"/>
      <line num="62" type="stmt" count="0"/>
      <line num="63" type="stmt" count="0"/>
      <line num="66" type="stmt" count="0"/>
      <metrics loc="68" ncloc="54" classes="1" methods="2" coveredmethods="1" conditionals="0" coveredconditionals="0" statements="22" coveredstatements="11" elements="24" coveredelements="12"/>
    </file>
    <file name="/Users/kizzill/Documents/Spryker/spryker-sdk/spryker-sdk/src/Core/Appplication/Service/FileManager.php">
      <class name="SprykerSdk\Sdk\Core\Appplication\Service\FileManager" namespace="global">
        <metrics complexity="3" methods="2" coveredmethods="0" conditionals="0" coveredconditionals="0" statements="4" coveredstatements="0" elements="6" coveredelements="0"/>
      </class>
      <line num="20" type="method" name="create" visibility="public" complexity="1" crap="2" count="0"/>
      <line num="22" type="stmt" count="0"/>
      <line num="30" type="method" name="remove" visibility="public" complexity="2" crap="6" count="0"/>
      <line num="32" type="stmt" count="0"/>
      <line num="33" type="stmt" count="0"/>
      <line num="36" type="stmt" count="0"/>
      <metrics loc="38" ncloc="24" classes="1" methods="2" coveredmethods="0" conditionals="0" coveredconditionals="0" statements="4" coveredstatements="0" elements="6" coveredelements="0"/>
    </file>
    <file name="/Users/kizzill/Documents/Spryker/spryker-sdk/spryker-sdk/src/Core/Appplication/Service/PathResolver.php">
      <class name="SprykerSdk\Sdk\Core\Appplication\Service\PathResolver" namespace="global">
        <metrics complexity="5" methods="3" coveredmethods="2" conditionals="0" coveredconditionals="0" statements="12" coveredstatements="7" elements="15" coveredelements="9"/>
      </class>
      <line num="17" type="method" name="__construct" visibility="public" complexity="1" crap="1" count="2"/>
      <line num="19" type="stmt" count="2"/>
      <line num="20" type="stmt" count="2"/>
      <line num="27" type="method" name="getResolveRelativePath" visibility="public" complexity="2" crap="2" count="2"/>
      <line num="29" type="stmt" count="2"/>
      <line num="30" type="stmt" count="1"/>
      <line num="33" type="stmt" count="1"/>
      <line num="35" type="stmt" count="1"/>
      <line num="37" type="stmt" count="1"/>
      <line num="45" type="method" name="getResolveProjectRelativePath" visibility="public" complexity="2" crap="6" count="0"/>
      <line num="47" type="stmt" count="0"/>
      <line num="48" type="stmt" count="0"/>
      <line num="51" type="stmt" count="0"/>
      <line num="53" type="stmt" count="0"/>
      <line num="55" type="stmt" count="0"/>
      <metrics loc="57" ncloc="40" classes="1" methods="3" coveredmethods="2" conditionals="0" coveredconditionals="0" statements="12" coveredstatements="7" elements="15" coveredelements="9"/>
    </file>
    <file name="/Users/kizzill/Documents/Spryker/spryker-sdk/spryker-sdk/src/Core/Appplication/Service/PlaceholderResolver.php">
      <class name="SprykerSdk\Sdk\Core\Appplication\Service\PlaceholderResolver" namespace="global">
        <metrics complexity="9" methods="4" coveredmethods="3" conditionals="0" coveredconditionals="0" statements="23" coveredstatements="19" elements="27" coveredelements="22"/>
      </class>
      <line num="34" type="method" name="__construct" visibility="public" complexity="1" crap="1" count="7"/>
      <line num="38" type="stmt" count="7"/>
      <line num="39" type="stmt" count="7"/>
      <line num="40" type="stmt" count="7"/>
      <line num="48" type="method" name="resolve" visibility="public" complexity="3" crap="3" count="5"/>
      <line num="50" type="stmt" count="5"/>
      <line num="51" type="stmt" count="5"/>
      <line num="53" type="stmt" count="5"/>
      <line num="54" type="stmt" count="1"/>
      <line num="56" type="stmt" count="1"/>
      <line num="57" type="stmt" count="1"/>
      <line num="61" type="stmt" count="5"/>
      <line num="62" type="stmt" count="5"/>
      <line num="64" type="stmt" count="5"/>
      <line num="74" type="method" name="resolvePlaceholders" visibility="public" complexity="2" crap="6" count="0"/>
      <line num="76" type="stmt" count="0"/>
      <line num="77" type="stmt" count="0"/>
      <line num="78" type="stmt" count="0"/>
      <line num="81" type="stmt" count="0"/>
      <line num="91" type="method" name="getValueResolver" visibility="public" complexity="3" crap="3" count="7"/>
      <line num="93" type="stmt" count="7"/>
      <line num="95" type="stmt" count="6"/>
      <line num="97" type="stmt" count="6"/>
      <line num="99" type="stmt" count="6"/>
      <line num="100" type="stmt" count="1"/>
      <line num="103" type="stmt" count="6"/>
      <line num="106" type="stmt" count="1"/>
      <metrics loc="108" ncloc="75" classes="1" methods="4" coveredmethods="3" conditionals="0" coveredconditionals="0" statements="23" coveredstatements="19" elements="27" coveredelements="22"/>
    </file>
    <file name="/Users/kizzill/Documents/Spryker/spryker-sdk/spryker-sdk/src/Core/Appplication/Service/SettingManager.php">
      <class name="SprykerSdk\Sdk\Core\Appplication\Service\SettingManager" namespace="global">
        <metrics complexity="13" methods="4" coveredmethods="2" conditionals="0" coveredconditionals="0" statements="33" coveredstatements="29" elements="37" coveredelements="31"/>
      </class>
      <line num="31" type="method" name="__construct" visibility="public" complexity="1" crap="1" count="8"/>
      <line num="35" type="stmt" count="8"/>
      <line num="36" type="stmt" count="8"/>
      <line num="37" type="stmt" count="8"/>
      <line num="44" type="method" name="setSettings" visibility="public" complexity="6" crap="6" count="2"/>
      <line num="46" type="stmt" count="2"/>
      <line num="47" type="stmt" count="2"/>
      <line num="48" type="stmt" count="2"/>
      <line num="50" type="stmt" count="2"/>
      <line num="51" type="stmt" count="2"/>
      <line num="52" type="stmt" count="2"/>
      <line num="54" type="stmt" count="2"/>
      <line num="55" type="stmt" count="1"/>
      <line num="57" type="stmt" count="1"/>
      <line num="62" type="stmt" count="2"/>
      <line num="63" type="stmt" count="1"/>
      <line num="66" type="stmt" count="2"/>
      <line num="67" type="stmt" count="1"/>
      <line num="70" type="stmt" count="2"/>
      <line num="81" type="method" name="setSetting" visibility="public" complexity="3" crap="3.03" count="6"/>
      <line num="83" type="stmt" count="6"/>
      <line num="85" type="stmt" count="6"/>
      <line num="86" type="stmt" count="0"/>
      <line num="89" type="stmt" count="6"/>
      <line num="91" type="stmt" count="6"/>
      <line num="92" type="stmt" count="3"/>
      <line num="95" type="stmt" count="3"/>
      <line num="104" type="method" name="buildPathValue" visibility="protected" complexity="3" crap="3.33" count="8"/>
      <line num="106" type="stmt" count="8"/>
      <line num="107" type="stmt" count="0"/>
      <line num="108" type="stmt" count="4"/>
      <line num="109" type="stmt" count="6"/>
      <line num="112" type="stmt" count="8"/>
      <line num="113" type="stmt" count="0"/>
      <line num="114" type="stmt" count="0"/>
      <line num="117" type="stmt" count="8"/>
      <line num="119" type="stmt" count="8"/>
      <metrics loc="121" ncloc="88" classes="1" methods="4" coveredmethods="2" conditionals="0" coveredconditionals="0" statements="33" coveredstatements="29" elements="37" coveredelements="31"/>
    </file>
    <file name="/Users/kizzill/Documents/Spryker/spryker-sdk/spryker-sdk/src/Core/Appplication/Service/TaskExecutor.php">
      <class name="SprykerSdk\Sdk\Core\Appplication\Service\TaskExecutor" namespace="global">
        <metrics complexity="43" methods="12" coveredmethods="5" conditionals="0" coveredconditionals="0" statements="106" coveredstatements="65" elements="118" coveredelements="70"/>
      </class>
      <line num="63" type="method" name="__construct" visibility="public" complexity="1" crap="1" count="2"/>
      <line num="69" type="stmt" count="2"/>
      <line num="70" type="stmt" count="2"/>
      <line num="71" type="stmt" count="2"/>
      <line num="72" type="stmt" count="2"/>
      <line num="73" type="stmt" count="2"/>
      <line num="81" type="method" name="execute" visibility="public" complexity="1" crap="1" count="2"/>
      <line num="83" type="stmt" count="2"/>
      <line num="84" type="stmt" count="2"/>
      <line num="85" type="stmt" count="2"/>
      <line num="86" type="stmt" count="2"/>
      <line num="87" type="stmt" count="2"/>
      <line num="88" type="stmt" count="2"/>
      <line num="90" type="stmt" count="2"/>
      <line num="98" type="method" name="collectRequiredPlaceholders" visibility="protected" complexity="3" crap="3" count="2"/>
      <line num="100" type="stmt" count="2"/>
      <line num="101" type="stmt" count="2"/>
      <line num="102" type="stmt" count="2"/>
      <line num="106" type="stmt" count="2"/>
      <line num="114" type="method" name="resolveValues" visibility="protected" complexity="3" crap="3" count="2"/>
      <line num="116" type="stmt" count="2"/>
      <line num="117" type="stmt" count="2"/>
      <line num="119" type="stmt" count="2"/>
      <line num="121" type="stmt" count="2"/>
      <line num="122" type="stmt" count="2"/>
      <line num="123" type="stmt" count="2"/>
      <line num="124" type="stmt" count="2"/>
      <line num="129" type="stmt" count="2"/>
      <line num="137" type="method" name="executeTasks" visibility="protected" complexity="3" crap="3" count="2"/>
      <line num="139" type="stmt" count="2"/>
      <line num="140" type="stmt" count="2"/>
      <line num="142" type="stmt" count="2"/>
      <line num="143" type="stmt" count="1"/>
      <line num="147" type="stmt" count="1"/>
      <line num="156" type="method" name="executeStage" visibility="protected" complexity="8" crap="13.04" count="2"/>
      <line num="158" type="stmt" count="2"/>
      <line num="160" type="stmt" count="2"/>
      <line num="161" type="stmt" count="2"/>
      <line num="162" type="stmt" count="2"/>
      <line num="163" type="stmt" count="2"/>
      <line num="165" type="stmt" count="2"/>
      <line num="166" type="stmt" count="0"/>
      <line num="170" type="stmt" count="2"/>
      <line num="173" type="stmt" count="0"/>
      <line num="174" type="stmt" count="0"/>
      <line num="176" type="stmt" count="0"/>
      <line num="178" type="stmt" count="0"/>
      <line num="179" type="stmt" count="0"/>
      <line num="184" type="stmt" count="2"/>
      <line num="193" type="method" name="addViolation" visibility="protected" complexity="3" crap="12" count="0"/>
      <line num="195" type="stmt" count="0"/>
      <line num="197" type="stmt" count="0"/>
      <line num="198" type="stmt" count="0"/>
      <line num="201" type="stmt" count="0"/>
      <line num="203" type="stmt" count="0"/>
      <line num="204" type="stmt" count="0"/>
      <line num="207" type="stmt" count="0"/>
      <line num="209" type="stmt" count="0"/>
      <line num="217" type="method" name="collectTasks" visibility="protected" complexity="5" crap="16.18" count="2"/>
      <line num="219" type="stmt" count="2"/>
      <line num="221" type="stmt" count="2"/>
      <line num="222" type="stmt" count="2"/>
      <line num="224" type="stmt" count="2"/>
      <line num="227" type="stmt" count="0"/>
      <line num="228" type="stmt" count="0"/>
      <line num="229" type="stmt" count="0"/>
      <line num="232" type="stmt" count="0"/>
      <line num="233" type="stmt" count="0"/>
      <line num="235" type="stmt" count="0"/>
      <line num="236" type="stmt" count="0"/>
      <line num="237" type="stmt" count="0"/>
      <line num="238" type="stmt" count="0"/>
      <line num="241" type="stmt" count="0"/>
      <line num="242" type="stmt" count="0"/>
      <line num="245" type="stmt" count="0"/>
      <line num="247" type="stmt" count="0"/>
      <line num="258" type="method" name="addBaseTask" visibility="protected" complexity="2" crap="2.03" count="2"/>
      <line num="260" type="stmt" count="2"/>
      <line num="262" type="stmt" count="2"/>
      <line num="263" type="stmt" count="0"/>
      <line num="266" type="stmt" count="2"/>
      <line num="268" type="stmt" count="2"/>
      <line num="276" type="method" name="collectAvailableStages" visibility="protected" complexity="5" crap="6.32" count="2"/>
      <line num="278" type="stmt" count="2"/>
      <line num="279" type="stmt" count="0"/>
      <line num="280" type="stmt" count="0"/>
      <line num="282" type="stmt" count="0"/>
      <line num="283" type="stmt" count="0"/>
      <line num="285" type="stmt" count="0"/>
      <line num="288" type="stmt" count="2"/>
      <line num="289" type="stmt" count="2"/>
      <line num="290" type="stmt" count="2"/>
      <line num="291" type="stmt" count="0"/>
      <line num="294" type="stmt" count="2"/>
      <line num="295" type="stmt" count="2"/>
      <line num="298" type="stmt" count="2"/>
      <line num="300" type="stmt" count="2"/>
      <line num="301" type="stmt" count="2"/>
      <line num="304" type="stmt" count="2"/>
      <line num="312" type="method" name="resolveInputStages" visibility="protected" complexity="5" crap="5.51" count="2"/>
      <line num="314" type="stmt" count="2"/>
      <line num="316" type="stmt" count="2"/>
      <line num="319" type="stmt" count="2"/>
      <line num="320" type="stmt" count="2"/>
      <line num="321" type="stmt" count="2"/>
      <line num="323" type="stmt" count="0"/>
      <line num="326" type="stmt" count="2"/>
      <line num="327" type="stmt" count="2"/>
      <line num="329" type="stmt" count="2"/>
      <line num="332" type="stmt" count="0"/>
      <line num="334" type="stmt" count="0"/>
      <line num="344" type="method" name="isValueResolved" visibility="protected" complexity="4" crap="8.74" count="2"/>
      <line num="349" type="stmt" count="2"/>
      <line num="350" type="stmt" count="2"/>
      <line num="353" type="stmt" count="0"/>
      <line num="355" type="stmt" count="0"/>
      <line num="356" type="stmt" count="0"/>
      <line num="359" type="stmt" count="0"/>
      <metrics loc="361" ncloc="270" classes="1" methods="12" coveredmethods="5" conditionals="0" coveredconditionals="0" statements="106" coveredstatements="65" elements="118" coveredelements="70"/>
    </file>
    <file name="/Users/kizzill/Documents/Spryker/spryker-sdk/spryker-sdk/src/Core/Appplication/Service/Violation/ViolationConverterResolver.php">
      <class name="SprykerSdk\Sdk\Core\Appplication\Service\Violation\ViolationConverterResolver" namespace="global">
        <metrics complexity="5" methods="2" coveredmethods="0" conditionals="0" coveredconditionals="0" statements="10" coveredstatements="0" elements="12" coveredelements="0"/>
      </class>
      <line num="24" type="method" name="__construct" visibility="public" complexity="1" crap="2" count="0"/>
      <line num="26" type="stmt" count="0"/>
      <line num="27" type="stmt" count="0"/>
      <line num="34" type="method" name="resolve" visibility="public" complexity="4" crap="20" count="0"/>
      <line num="36" type="stmt" count="0"/>
      <line num="38" type="stmt" count="0"/>
      <line num="39" type="stmt" count="0"/>
      <line num="42" type="stmt" count="0"/>
      <line num="44" type="stmt" count="0"/>
      <line num="45" type="stmt" count="0"/>
      <line num="47" type="stmt" count="0"/>
      <line num="49" type="stmt" count="0"/>
      <metrics loc="51" ncloc="36" classes="1" methods="2" coveredmethods="0" conditionals="0" coveredconditionals="0" statements="10" coveredstatements="0" elements="12" coveredelements="0"/>
    </file>
    <file name="/Users/kizzill/Documents/Spryker/spryker-sdk/spryker-sdk/src/Core/Appplication/Service/Violation/ViolationReportGenerator.php">
      <class name="SprykerSdk\Sdk\Core\Appplication\Service\Violation\ViolationReportGenerator" namespace="global">
        <metrics complexity="7" methods="2" coveredmethods="0" conditionals="0" coveredconditionals="0" statements="18" coveredstatements="0" elements="20" coveredelements="0"/>
      </class>
      <line num="36" type="method" name="__construct" visibility="public" complexity="1" crap="2" count="0"/>
      <line num="41" type="stmt" count="0"/>
      <line num="42" type="stmt" count="0"/>
      <line num="43" type="stmt" count="0"/>
      <line num="52" type="method" name="collectViolations" visibility="public" complexity="6" crap="42" count="0"/>
      <line num="55" type="stmt" count="0"/>
      <line num="56" type="stmt" count="0"/>
      <line num="57" type="stmt" count="0"/>
      <line num="58" type="stmt" count="0"/>
      <line num="59" type="stmt" count="0"/>
      <line num="60" type="stmt" count="0"/>
      <line num="63" type="stmt" count="0"/>
      <line num="66" type="stmt" count="0"/>
      <line num="67" type="stmt" count="0"/>
      <line num="68" type="stmt" count="0"/>
      <line num="72" type="stmt" count="0"/>
      <line num="73" type="stmt" count="0"/>
      <line num="76" type="stmt" count="0"/>
      <line num="78" type="stmt" count="0"/>
      <line num="80" type="stmt" count="0"/>
      <metrics loc="82" ncloc="58" classes="1" methods="2" coveredmethods="0" conditionals="0" coveredconditionals="0" statements="18" coveredstatements="0" elements="20" coveredelements="0"/>
    </file>
    <file name="/Users/kizzill/Documents/Spryker/spryker-sdk/spryker-sdk/src/Core/Appplication/Service/Violation/ViolationReportMerger.php">
      <class name="SprykerSdk\Sdk\Core\Appplication\Service\Violation\ViolationReportMerger" namespace="global">
        <metrics complexity="10" methods="3" coveredmethods="0" conditionals="0" coveredconditionals="0" statements="31" coveredstatements="0" elements="34" coveredelements="0"/>
      </class>
      <line num="22" type="method" name="merge" visibility="public" complexity="4" crap="20" count="0"/>
      <line num="24" type="stmt" count="0"/>
      <line num="29" type="stmt" count="0"/>
      <line num="30" type="stmt" count="0"/>
      <line num="31" type="stmt" count="0"/>
      <line num="32" type="stmt" count="0"/>
      <line num="33" type="stmt" count="0"/>
      <line num="34" type="stmt" count="0"/>
      <line num="36" type="stmt" count="0"/>
      <line num="38" type="stmt" count="0"/>
      <line num="39" type="stmt" count="0"/>
      <line num="40" type="stmt" count="0"/>
      <line num="43" type="stmt" count="0"/>
      <line num="52" type="method" name="mergePackages" visibility="protected" complexity="5" crap="30" count="0"/>
      <line num="54" type="stmt" count="0"/>
      <line num="55" type="stmt" count="0"/>
      <line num="56" type="stmt" count="0"/>
      <line num="58" type="stmt" count="0"/>
      <line num="59" type="stmt" count="0"/>
      <line num="61" type="stmt" count="0"/>
      <line num="64" type="stmt" count="0"/>
      <line num="65" type="stmt" count="0"/>
      <line num="66" type="stmt" count="0"/>
      <line num="67" type="stmt" count="0"/>
      <line num="69" type="stmt" count="0"/>
      <line num="71" type="stmt" count="0"/>
      <line num="75" type="stmt" count="0"/>
      <line num="83" type="method" name="getArrayFromPackage" visibility="protected" complexity="1" crap="2" count="0"/>
      <line num="85" type="stmt" count="0"/>
      <line num="86" type="stmt" count="0"/>
      <line num="87" type="stmt" count="0"/>
      <line num="88" type="stmt" count="0"/>
      <line num="89" type="stmt" count="0"/>
      <line num="91" type="stmt" count="0"/>
      <metrics loc="93" ncloc="73" classes="1" methods="3" coveredmethods="0" conditionals="0" coveredconditionals="0" statements="31" coveredstatements="0" elements="34" coveredelements="0"/>
    </file>
    <file name="/Users/kizzill/Documents/Spryker/spryker-sdk/spryker-sdk/src/Core/Appplication/ValueResolver/AbstractValueResolver.php">
      <class name="SprykerSdk\Sdk\Core\Appplication\ValueResolver\AbstractValueResolver" namespace="global">
        <metrics complexity="10" methods="4" coveredmethods="0" conditionals="0" coveredconditionals="0" statements="20" coveredstatements="0" elements="24" coveredelements="0"/>
      </class>
      <line num="27" type="method" name="__construct" visibility="public" complexity="1" crap="2" count="0"/>
      <line num="29" type="stmt" count="0"/>
      <line num="41" type="method" name="getValue" visibility="public" complexity="6" crap="42" count="0"/>
      <line num="43" type="stmt" count="0"/>
      <line num="44" type="stmt" count="0"/>
      <line num="47" type="stmt" count="0"/>
      <line num="49" type="stmt" count="0"/>
      <line num="50" type="stmt" count="0"/>
      <line num="54" type="stmt" count="0"/>
      <line num="56" type="stmt" count="0"/>
      <line num="58" type="stmt" count="0"/>
      <line num="59" type="stmt" count="0"/>
      <line num="60" type="stmt" count="0"/>
      <line num="61" type="stmt" count="0"/>
      <line num="62" type="stmt" count="0"/>
      <line num="66" type="stmt" count="0"/>
      <line num="67" type="stmt" count="0"/>
      <line num="77" type="stmt" count="0"/>
      <line num="86" type="method" name="getChoiceValues" visibility="public" complexity="1" crap="2" count="0"/>
      <line num="88" type="stmt" count="0"/>
      <line num="94" type="method" name="getValueName" visibility="protected" complexity="2" crap="6" count="0"/>
      <line num="96" type="stmt" count="0"/>
      <line num="97" type="stmt" count="0"/>
      <line num="100" type="stmt" count="0"/>
      <metrics loc="116" ncloc="78" classes="1" methods="4" coveredmethods="0" conditionals="0" coveredconditionals="0" statements="20" coveredstatements="0" elements="24" coveredelements="0"/>
    </file>
    <file name="/Users/kizzill/Documents/Spryker/spryker-sdk/spryker-sdk/src/Core/Appplication/Violation/AbstractViolationConverter.php">
      <class name="SprykerSdk\Sdk\Core\Appplication\Violation\AbstractViolationConverter" namespace="global">
        <metrics complexity="7" methods="5" coveredmethods="0" conditionals="0" coveredconditionals="0" statements="16" coveredstatements="0" elements="21" coveredelements="0"/>
      </class>
      <line num="39" type="method" name="__construct" visibility="public" complexity="1" crap="2" count="0"/>
      <line num="41" type="stmt" count="0"/>
      <line num="47" type="method" name="readFile" visibility="protected" complexity="3" crap="12" count="0"/>
      <line num="49" type="stmt" count="0"/>
      <line num="51" type="stmt" count="0"/>
      <line num="52" type="stmt" count="0"/>
      <line num="55" type="stmt" count="0"/>
      <line num="57" type="stmt" count="0"/>
      <line num="59" type="stmt" count="0"/>
      <line num="67" type="method" name="resolveModuleName" visibility="protected" complexity="1" crap="2" count="0"/>
      <line num="69" type="stmt" count="0"/>
      <line num="70" type="stmt" count="0"/>
      <line num="72" type="stmt" count="0"/>
      <line num="80" type="method" name="resolvePathToModule" visibility="protected" complexity="1" crap="2" count="0"/>
      <line num="82" type="stmt" count="0"/>
      <line num="83" type="stmt" count="0"/>
      <line num="85" type="stmt" count="0"/>
      <line num="93" type="method" name="resolveClassNamespace" visibility="protected" complexity="1" crap="2" count="0"/>
      <line num="95" type="stmt" count="0"/>
      <line num="97" type="stmt" count="0"/>
      <line num="99" type="stmt" count="0"/>
      <metrics loc="113" ncloc="68" classes="1" methods="5" coveredmethods="0" conditionals="0" coveredconditionals="0" statements="16" coveredstatements="0" elements="21" coveredelements="0"/>
    </file>
    <file name="/Users/kizzill/Documents/Spryker/spryker-sdk/spryker-sdk/src/Core/Domain/Entity/Command.php">
      <class name="SprykerSdk\Sdk\Core\Domain\Entity\Command" namespace="global">
        <metrics complexity="6" methods="6" coveredmethods="0" conditionals="0" coveredconditionals="0" statements="10" coveredstatements="0" elements="16" coveredelements="0"/>
      </class>
      <line num="47" type="method" name="__construct" visibility="public" complexity="1" crap="2" count="0"/>
      <line num="54" type="stmt" count="0"/>
      <line num="55" type="stmt" count="0"/>
      <line num="56" type="stmt" count="0"/>
      <line num="57" type="stmt" count="0"/>
      <line num="58" type="stmt" count="0"/>
      <line num="64" type="method" name="getCommand" visibility="public" complexity="1" crap="2" count="0"/>
      <line num="66" type="stmt" count="0"/>
      <line num="72" type="method" name="getType" visibility="public" complexity="1" crap="2" count="0"/>
      <line num="74" type="stmt" count="0"/>
      <line num="80" type="method" name="getTags" visibility="public" complexity="1" crap="2" count="0"/>
      <line num="82" type="stmt" count="0"/>
      <line num="88" type="method" name="hasStopOnError" visibility="public" complexity="1" crap="2" count="0"/>
      <line num="90" type="stmt" count="0"/>
      <line num="96" type="method" name="getViolationConverter" visibility="public" complexity="1" crap="2" count="0"/>
      <line num="98" type="stmt" count="0"/>
      <metrics loc="100" ncloc="59" classes="1" methods="6" coveredmethods="0" conditionals="0" coveredconditionals="0" statements="10" coveredstatements="0" elements="16" coveredelements="0"/>
    </file>
    <file name="/Users/kizzill/Documents/Spryker/spryker-sdk/spryker-sdk/src/Core/Domain/Entity/Context.php">
      <class name="SprykerSdk\Sdk\Core\Domain\Entity\Context" namespace="global">
        <metrics complexity="33" methods="32" coveredmethods="24" conditionals="0" coveredconditionals="0" statements="58" coveredstatements="41" elements="90" coveredelements="65"/>
      </class>
      <line num="92" type="method" name="getRequiredPlaceholders" visibility="public" complexity="1" crap="1" count="2"/>
      <line num="94" type="stmt" count="2"/>
      <line num="102" type="method" name="addRequiredPlaceholder" visibility="public" complexity="1" crap="1" count="2"/>
      <line num="104" type="stmt" count="2"/>
      <line num="105" type="stmt" count="2"/>
      <line num="112" type="method" name="setRequiredPlaceholders" visibility="public" complexity="1" crap="2" count="0"/>
      <line num="114" type="stmt" count="0"/>
      <line num="116" type="stmt" count="0"/>
      <line num="117" type="stmt" count="0"/>
      <line num="118" type="stmt" count="0"/>
      <line num="119" type="stmt" count="0"/>
      <line num="124" type="method" name="getResolvedValues" visibility="public" complexity="1" crap="1" count="4"/>
      <line num="126" type="stmt" count="4"/>
      <line num="134" type="method" name="setResolvedValues" visibility="public" complexity="1" crap="1" count="2"/>
      <line num="136" type="stmt" count="2"/>
      <line num="137" type="stmt" count="2"/>
      <line num="145" type="method" name="addResolvedValues" visibility="public" complexity="1" crap="1" count="2"/>
      <line num="147" type="stmt" count="2"/>
      <line num="148" type="stmt" count="2"/>
      <line num="153" type="method" name="getMessages" visibility="public" complexity="1" crap="1" count="1"/>
      <line num="155" type="stmt" count="1"/>
      <line num="163" type="method" name="addMessage" visibility="public" complexity="1" crap="1" count="1"/>
      <line num="165" type="stmt" count="1"/>
      <line num="166" type="stmt" count="1"/>
      <line num="173" type="method" name="setMessages" visibility="public" complexity="1" crap="2" count="0"/>
      <line num="175" type="stmt" count="0"/>
      <line num="176" type="stmt" count="0"/>
      <line num="181" type="method" name="getSubTasks" visibility="public" complexity="1" crap="1" count="2"/>
      <line num="183" type="stmt" count="2"/>
      <line num="191" type="method" name="addSubTask" visibility="public" complexity="2" crap="2" count="2"/>
      <line num="193" type="stmt" count="2"/>
      <line num="194" type="stmt" count="2"/>
      <line num="195" type="stmt" count="2"/>
      <line num="196" type="stmt" count="2"/>
      <line num="201" type="method" name="getAvailableStages" visibility="public" complexity="1" crap="1" count="2"/>
      <line num="203" type="stmt" count="2"/>
      <line num="209" type="method" name="getViolationReports" visibility="public" complexity="1" crap="1" count="1"/>
      <line num="211" type="stmt" count="1"/>
      <line num="219" type="method" name="addViolationReport" visibility="public" complexity="1" crap="1" count="1"/>
      <line num="221" type="stmt" count="1"/>
      <line num="222" type="stmt" count="1"/>
      <line num="227" type="method" name="getExitCode" visibility="public" complexity="1" crap="1" count="2"/>
      <line num="229" type="stmt" count="2"/>
      <line num="237" type="method" name="setExitCode" visibility="public" complexity="1" crap="1" count="2"/>
      <line num="239" type="stmt" count="2"/>
      <line num="240" type="stmt" count="2"/>
      <line num="247" type="method" name="setAvailableStages" visibility="public" complexity="1" crap="1" count="2"/>
      <line num="249" type="stmt" count="2"/>
      <line num="250" type="stmt" count="2"/>
      <line num="255" type="method" name="getRequiredStages" visibility="public" complexity="1" crap="1" count="2"/>
      <line num="257" type="stmt" count="2"/>
      <line num="265" type="method" name="setRequiredStages" visibility="public" complexity="1" crap="1" count="2"/>
      <line num="267" type="stmt" count="2"/>
      <line num="268" type="stmt" count="2"/>
      <line num="275" type="method" name="setTags" visibility="public" complexity="1" crap="1" count="1"/>
      <line num="277" type="stmt" count="1"/>
      <line num="278" type="stmt" count="1"/>
      <line num="283" type="method" name="getTags" visibility="public" complexity="1" crap="1" count="3"/>
      <line num="285" type="stmt" count="3"/>
      <line num="291" type="method" name="isDryRun" visibility="public" complexity="1" crap="2" count="0"/>
      <line num="293" type="stmt" count="0"/>
      <line num="301" type="method" name="setIsDryRun" visibility="public" complexity="1" crap="2" count="0"/>
      <line num="303" type="stmt" count="0"/>
      <line num="304" type="stmt" count="0"/>
      <line num="311" type="method" name="setTask" visibility="public" complexity="1" crap="1" count="2"/>
      <line num="313" type="stmt" count="2"/>
      <line num="314" type="stmt" count="2"/>
      <line num="315" type="stmt" count="2"/>
      <line num="320" type="method" name="getTask" visibility="public" complexity="1" crap="1" count="2"/>
      <line num="322" type="stmt" count="2"/>
      <line num="330" type="method" name="setSubTasks" visibility="public" complexity="1" crap="1" count="2"/>
      <line num="332" type="stmt" count="2"/>
      <line num="333" type="stmt" count="2"/>
      <line num="334" type="stmt" count="2"/>
      <line num="335" type="stmt" count="2"/>
      <line num="340" type="method" name="getName" visibility="public" complexity="1" crap="2" count="0"/>
      <line num="342" type="stmt" count="0"/>
      <line num="350" type="method" name="setName" visibility="public" complexity="1" crap="2" count="0"/>
      <line num="352" type="stmt" count="0"/>
      <line num="353" type="stmt" count="0"/>
      <line num="358" type="method" name="getOverwrites" visibility="public" complexity="1" crap="1" count="2"/>
      <line num="360" type="stmt" count="2"/>
      <line num="368" type="method" name="setOverwrites" visibility="public" complexity="1" crap="2" count="0"/>
      <line num="370" type="stmt" count="0"/>
      <line num="371" type="stmt" count="0"/>
      <line num="376" type="method" name="getInputStages" visibility="public" complexity="1" crap="1" count="2"/>
      <line num="378" type="stmt" count="2"/>
      <line num="386" type="method" name="setInputStages" visibility="public" complexity="1" crap="2" count="0"/>
      <line num="388" type="stmt" count="0"/>
      <line num="389" type="stmt" count="0"/>
      <metrics loc="390" ncloc="211" classes="1" methods="32" coveredmethods="24" conditionals="0" coveredconditionals="0" statements="58" coveredstatements="41" elements="90" coveredelements="65"/>
    </file>
    <file name="/Users/kizzill/Documents/Spryker/spryker-sdk/spryker-sdk/src/Core/Domain/Entity/Converter.php">
      <class name="SprykerSdk\Sdk\Core\Domain\Entity\Converter" namespace="global">
        <metrics complexity="3" methods="3" coveredmethods="0" conditionals="0" coveredconditionals="0" statements="4" coveredstatements="0" elements="7" coveredelements="0"/>
      </class>
      <line num="28" type="method" name="__construct" visibility="public" complexity="1" crap="2" count="0"/>
      <line num="30" type="stmt" count="0"/>
      <line num="31" type="stmt" count="0"/>
      <line num="37" type="method" name="getName" visibility="public" complexity="1" crap="2" count="0"/>
      <line num="39" type="stmt" count="0"/>
      <line num="45" type="method" name="getConfiguration" visibility="public" complexity="1" crap="2" count="0"/>
      <line num="47" type="stmt" count="0"/>
      <metrics loc="49" ncloc="29" classes="1" methods="3" coveredmethods="0" conditionals="0" coveredconditionals="0" statements="4" coveredstatements="0" elements="7" coveredelements="0"/>
    </file>
    <file name="/Users/kizzill/Documents/Spryker/spryker-sdk/spryker-sdk/src/Core/Domain/Entity/File.php">
      <class name="SprykerSdk\Sdk\Core\Domain\Entity\File" namespace="global">
        <metrics complexity="3" methods="3" coveredmethods="0" conditionals="0" coveredconditionals="0" statements="4" coveredstatements="0" elements="7" coveredelements="0"/>
      </class>
      <line num="22" type="method" name="__construct" visibility="public" complexity="1" crap="2" count="0"/>
      <line num="24" type="stmt" count="0"/>
      <line num="25" type="stmt" count="0"/>
      <line num="31" type="method" name="getPath" visibility="public" complexity="1" crap="2" count="0"/>
      <line num="33" type="stmt" count="0"/>
      <line num="39" type="method" name="getContent" visibility="public" complexity="1" crap="2" count="0"/>
      <line num="41" type="stmt" count="0"/>
      <metrics loc="43" ncloc="29" classes="1" methods="3" coveredmethods="0" conditionals="0" coveredconditionals="0" statements="4" coveredstatements="0" elements="7" coveredelements="0"/>
    </file>
    <file name="/Users/kizzill/Documents/Spryker/spryker-sdk/spryker-sdk/src/Core/Domain/Entity/Lifecycle/BaseLifecycleEventData.php">
      <class name="SprykerSdk\Sdk\Core\Domain\Entity\Lifecycle\BaseLifecycleEventData" namespace="global">
        <metrics complexity="4" methods="4" coveredmethods="0" conditionals="0" coveredconditionals="0" statements="6" coveredstatements="0" elements="10" coveredelements="0"/>
      </class>
      <line num="34" type="method" name="__construct" visibility="public" complexity="1" crap="2" count="0"/>
      <line num="36" type="stmt" count="0"/>
      <line num="37" type="stmt" count="0"/>
      <line num="38" type="stmt" count="0"/>
      <line num="44" type="method" name="getCommands" visibility="public" complexity="1" crap="2" count="0"/>
      <line num="46" type="stmt" count="0"/>
      <line num="52" type="method" name="getPlaceholders" visibility="public" complexity="1" crap="2" count="0"/>
      <line num="54" type="stmt" count="0"/>
      <line num="60" type="method" name="getFiles" visibility="public" complexity="1" crap="2" count="0"/>
      <line num="62" type="stmt" count="0"/>
      <metrics loc="64" ncloc="37" classes="1" methods="4" coveredmethods="0" conditionals="0" coveredconditionals="0" statements="6" coveredstatements="0" elements="10" coveredelements="0"/>
    </file>
    <file name="/Users/kizzill/Documents/Spryker/spryker-sdk/spryker-sdk/src/Core/Domain/Entity/Lifecycle/InitializedEventData.php">
      <class name="SprykerSdk\Sdk\Core\Domain\Entity\Lifecycle\InitializedEventData" namespace="global">
        <metrics complexity="0" methods="0" coveredmethods="0" conditionals="0" coveredconditionals="0" statements="0" coveredstatements="0" elements="0" coveredelements="0"/>
      </class>
      <metrics loc="12" ncloc="8" classes="0" methods="0" coveredmethods="0" conditionals="0" coveredconditionals="0" statements="0" coveredstatements="0" elements="0" coveredelements="0"/>
    </file>
    <file name="/Users/kizzill/Documents/Spryker/spryker-sdk/spryker-sdk/src/Core/Domain/Entity/Lifecycle/Lifecycle.php">
      <class name="SprykerSdk\Sdk\Core\Domain\Entity\Lifecycle\Lifecycle" namespace="global">
        <metrics complexity="7" methods="7" coveredmethods="0" conditionals="0" coveredconditionals="0" statements="12" coveredstatements="0" elements="19" coveredelements="0"/>
      </class>
      <line num="25" type="method" name="__construct" visibility="public" complexity="1" crap="2" count="0"/>
      <line num="27" type="stmt" count="0"/>
      <line num="28" type="stmt" count="0"/>
      <line num="29" type="stmt" count="0"/>
      <line num="35" type="method" name="getRemovedEventData" visibility="public" complexity="1" crap="2" count="0"/>
      <line num="37" type="stmt" count="0"/>
      <line num="45" type="method" name="setRemovedEventData" visibility="public" complexity="1" crap="2" count="0"/>
      <line num="47" type="stmt" count="0"/>
      <line num="49" type="stmt" count="0"/>
      <line num="55" type="method" name="getInitializedEventData" visibility="public" complexity="1" crap="2" count="0"/>
      <line num="57" type="stmt" count="0"/>
      <line num="65" type="method" name="setInitializedEventData" visibility="public" complexity="1" crap="2" count="0"/>
      <line num="67" type="stmt" count="0"/>
      <line num="69" type="stmt" count="0"/>
      <line num="75" type="method" name="getUpdatedEventData" visibility="public" complexity="1" crap="2" count="0"/>
      <line num="77" type="stmt" count="0"/>
      <line num="85" type="method" name="setUpdatedEventData" visibility="public" complexity="1" crap="2" count="0"/>
      <line num="87" type="stmt" count="0"/>
      <line num="89" type="stmt" count="0"/>
      <metrics loc="91" ncloc="58" classes="1" methods="7" coveredmethods="0" conditionals="0" coveredconditionals="0" statements="12" coveredstatements="0" elements="19" coveredelements="0"/>
    </file>
    <file name="/Users/kizzill/Documents/Spryker/spryker-sdk/spryker-sdk/src/Core/Domain/Entity/Lifecycle/RemovedEventData.php">
      <class name="SprykerSdk\Sdk\Core\Domain\Entity\Lifecycle\RemovedEventData" namespace="global">
        <metrics complexity="0" methods="0" coveredmethods="0" conditionals="0" coveredconditionals="0" statements="0" coveredstatements="0" elements="0" coveredelements="0"/>
      </class>
      <metrics loc="12" ncloc="8" classes="0" methods="0" coveredmethods="0" conditionals="0" coveredconditionals="0" statements="0" coveredstatements="0" elements="0" coveredelements="0"/>
    </file>
    <file name="/Users/kizzill/Documents/Spryker/spryker-sdk/spryker-sdk/src/Core/Domain/Entity/Lifecycle/UpdatedEventData.php">
      <class name="SprykerSdk\Sdk\Core\Domain\Entity\Lifecycle\UpdatedEventData" namespace="global">
        <metrics complexity="0" methods="0" coveredmethods="0" conditionals="0" coveredconditionals="0" statements="0" coveredstatements="0" elements="0" coveredelements="0"/>
      </class>
      <metrics loc="12" ncloc="8" classes="0" methods="0" coveredmethods="0" conditionals="0" coveredconditionals="0" statements="0" coveredstatements="0" elements="0" coveredelements="0"/>
    </file>
    <file name="/Users/kizzill/Documents/Spryker/spryker-sdk/spryker-sdk/src/Core/Domain/Entity/Message.php">
      <class name="SprykerSdk\Sdk\Core\Domain\Entity\Message" namespace="global">
        <metrics complexity="3" methods="3" coveredmethods="3" conditionals="0" coveredconditionals="0" statements="5" coveredstatements="5" elements="8" coveredelements="8"/>
      </class>
      <line num="28" type="method" name="__construct" visibility="public" complexity="1" crap="1" count="1"/>
      <line num="30" type="stmt" count="1"/>
      <line num="31" type="stmt" count="1"/>
      <line num="32" type="stmt" count="1"/>
      <line num="37" type="method" name="getMessage" visibility="public" complexity="1" crap="1" count="1"/>
      <line num="39" type="stmt" count="1"/>
      <line num="45" type="method" name="getVerbosity" visibility="public" complexity="1" crap="1" count="1"/>
      <line num="47" type="stmt" count="1"/>
      <metrics loc="49" ncloc="29" classes="1" methods="3" coveredmethods="3" conditionals="0" coveredconditionals="0" statements="5" coveredstatements="5" elements="8" coveredelements="8"/>
    </file>
    <file name="/Users/kizzill/Documents/Spryker/spryker-sdk/spryker-sdk/src/Core/Domain/Entity/Placeholder.php">
      <class name="SprykerSdk\Sdk\Core\Domain\Entity\Placeholder" namespace="global">
        <metrics complexity="5" methods="5" coveredmethods="0" conditionals="0" coveredconditionals="0" statements="8" coveredstatements="0" elements="13" coveredelements="0"/>
      </class>
      <line num="40" type="method" name="__construct" visibility="public" complexity="1" crap="2" count="0"/>
      <line num="46" type="stmt" count="0"/>
      <line num="47" type="stmt" count="0"/>
      <line num="48" type="stmt" count="0"/>
      <line num="49" type="stmt" count="0"/>
      <line num="55" type="method" name="getName" visibility="public" complexity="1" crap="2" count="0"/>
      <line num="57" type="stmt" count="0"/>
      <line num="63" type="method" name="getValueResolver" visibility="public" complexity="1" crap="2" count="0"/>
      <line num="65" type="stmt" count="0"/>
      <line num="71" type="method" name="getConfiguration" visibility="public" complexity="1" crap="2" count="0"/>
      <line num="73" type="stmt" count="0"/>
      <line num="79" type="method" name="isOptional" visibility="public" complexity="1" crap="2" count="0"/>
      <line num="81" type="stmt" count="0"/>
      <metrics loc="83" ncloc="49" classes="1" methods="5" coveredmethods="0" conditionals="0" coveredconditionals="0" statements="8" coveredstatements="0" elements="13" coveredelements="0"/>
    </file>
    <file name="/Users/kizzill/Documents/Spryker/spryker-sdk/spryker-sdk/src/Core/Domain/Entity/Setting.php">
      <class name="SprykerSdk\Sdk\Core\Domain\Entity\Setting" namespace="global">
        <metrics complexity="10" methods="10" coveredmethods="7" conditionals="0" coveredconditionals="0" statements="19" coveredstatements="16" elements="29" coveredelements="23"/>
      </class>
      <line num="64" type="method" name="__construct" visibility="public" complexity="1" crap="1" count="9"/>
      <line num="74" type="stmt" count="9"/>
      <line num="75" type="stmt" count="9"/>
      <line num="76" type="stmt" count="9"/>
      <line num="77" type="stmt" count="9"/>
      <line num="78" type="stmt" count="9"/>
      <line num="79" type="stmt" count="9"/>
      <line num="80" type="stmt" count="9"/>
      <line num="81" type="stmt" count="9"/>
      <line num="82" type="stmt" count="9"/>
      <line num="87" type="method" name="getPath" visibility="public" complexity="1" crap="1" count="8"/>
      <line num="89" type="stmt" count="8"/>
      <line num="95" type="method" name="getValues" visibility="public" complexity="1" crap="1" count="7"/>
      <line num="97" type="stmt" count="7"/>
      <line num="105" type="method" name="setValues" visibility="public" complexity="1" crap="1" count="8"/>
      <line num="107" type="stmt" count="8"/>
      <line num="108" type="stmt" count="8"/>
      <line num="113" type="method" name="getStrategy" visibility="public" complexity="1" crap="1" count="8"/>
      <line num="115" type="stmt" count="8"/>
      <line num="121" type="method" name="getType" visibility="public" complexity="1" crap="1" count="6"/>
      <line num="123" type="stmt" count="6"/>
      <line num="129" type="method" name="isProject" visibility="public" complexity="1" crap="1" count="8"/>
      <line num="131" type="stmt" count="8"/>
      <line num="137" type="method" name="hasInitialization" visibility="public" complexity="1" crap="2" count="0"/>
      <line num="139" type="stmt" count="0"/>
      <line num="145" type="method" name="getInitializationDescription" visibility="public" complexity="1" crap="2" count="0"/>
      <line num="147" type="stmt" count="0"/>
      <line num="153" type="method" name="getInitializer" visibility="public" complexity="1" crap="2" count="0"/>
      <line num="155" type="stmt" count="0"/>
      <metrics loc="157" ncloc="90" classes="1" methods="10" coveredmethods="7" conditionals="0" coveredconditionals="0" statements="19" coveredstatements="16" elements="29" coveredelements="23"/>
    </file>
    <file name="/Users/kizzill/Documents/Spryker/spryker-sdk/spryker-sdk/src/Core/Domain/Entity/Task.php">
      <class name="SprykerSdk\Sdk\Core\Domain\Entity\Task" namespace="global">
        <metrics complexity="15" methods="15" coveredmethods="0" conditionals="0" coveredconditionals="0" statements="27" coveredstatements="0" elements="42" coveredelements="0"/>
      </class>
      <line num="85" type="method" name="__construct" visibility="public" complexity="1" crap="2" count="0"/>
      <line num="98" type="stmt" count="0"/>
      <line num="99" type="stmt" count="0"/>
      <line num="100" type="stmt" count="0"/>
      <line num="101" type="stmt" count="0"/>
      <line num="102" type="stmt" count="0"/>
      <line num="103" type="stmt" count="0"/>
      <line num="104" type="stmt" count="0"/>
      <line num="105" type="stmt" count="0"/>
      <line num="106" type="stmt" count="0"/>
      <line num="107" type="stmt" count="0"/>
      <line num="108" type="stmt" count="0"/>
      <line num="114" type="method" name="getId" visibility="public" complexity="1" crap="2" count="0"/>
      <line num="116" type="stmt" count="0"/>
      <line num="122" type="method" name="getShortDescription" visibility="public" complexity="1" crap="2" count="0"/>
      <line num="124" type="stmt" count="0"/>
      <line num="130" type="method" name="getCommands" visibility="public" complexity="1" crap="2" count="0"/>
      <line num="132" type="stmt" count="0"/>
      <line num="138" type="method" name="getPlaceholders" visibility="public" complexity="1" crap="2" count="0"/>
      <line num="140" type="stmt" count="0"/>
      <line num="146" type="method" name="getHelp" visibility="public" complexity="1" crap="2" count="0"/>
      <line num="148" type="stmt" count="0"/>
      <line num="154" type="method" name="getVersion" visibility="public" complexity="1" crap="2" count="0"/>
      <line num="156" type="stmt" count="0"/>
      <line num="162" type="method" name="getSuccessor" visibility="public" complexity="1" crap="2" count="0"/>
      <line num="164" type="stmt" count="0"/>
      <line num="170" type="method" name="isDeprecated" visibility="public" complexity="1" crap="2" count="0"/>
      <line num="172" type="stmt" count="0"/>
      <line num="178" type="method" name="getLifecycle" visibility="public" complexity="1" crap="2" count="0"/>
      <line num="180" type="stmt" count="0"/>
      <line num="186" type="method" name="getStage" visibility="public" complexity="1" crap="2" count="0"/>
      <line num="188" type="stmt" count="0"/>
      <line num="194" type="method" name="getTags" visibility="public" complexity="1" crap="2" count="0"/>
      <line num="196" type="stmt" count="0"/>
      <line num="202" type="method" name="hasStopOnError" visibility="public" complexity="1" crap="2" count="0"/>
      <line num="204" type="stmt" count="0"/>
      <line num="212" type="method" name="setStage" visibility="public" complexity="1" crap="2" count="0"/>
      <line num="214" type="stmt" count="0"/>
      <line num="216" type="stmt" count="0"/>
      <line num="224" type="method" name="setTags" visibility="public" complexity="1" crap="2" count="0"/>
      <line num="226" type="stmt" count="0"/>
      <line num="228" type="stmt" count="0"/>
      <metrics loc="230" ncloc="134" classes="1" methods="15" coveredmethods="0" conditionals="0" coveredconditionals="0" statements="27" coveredstatements="0" elements="42" coveredelements="0"/>
    </file>
    <file name="/Users/kizzill/Documents/Spryker/spryker-sdk/spryker-sdk/src/Core/Domain/Entity/Violation/PackageViolationReport.php">
      <class name="SprykerSdk\Sdk\Core\Domain\Entity\Violation\PackageViolationReport" namespace="global">
        <metrics complexity="5" methods="5" coveredmethods="0" conditionals="0" coveredconditionals="0" statements="8" coveredstatements="0" elements="13" coveredelements="0"/>
      </class>
      <line num="28" type="method" name="__construct" visibility="public" complexity="1" crap="2" count="0"/>
      <line num="30" type="stmt" count="0"/>
      <line num="31" type="stmt" count="0"/>
      <line num="32" type="stmt" count="0"/>
      <line num="33" type="stmt" count="0"/>
      <line num="39" type="method" name="getPackage" visibility="public" complexity="1" crap="2" count="0"/>
      <line num="41" type="stmt" count="0"/>
      <line num="47" type="method" name="getPath" visibility="public" complexity="1" crap="2" count="0"/>
      <line num="49" type="stmt" count="0"/>
      <line num="55" type="method" name="getViolations" visibility="public" complexity="1" crap="2" count="0"/>
      <line num="57" type="stmt" count="0"/>
      <line num="63" type="method" name="getFileViolations" visibility="public" complexity="1" crap="2" count="0"/>
      <line num="65" type="stmt" count="0"/>
      <metrics loc="67" ncloc="45" classes="1" methods="5" coveredmethods="0" conditionals="0" coveredconditionals="0" statements="8" coveredstatements="0" elements="13" coveredelements="0"/>
    </file>
    <file name="/Users/kizzill/Documents/Spryker/spryker-sdk/spryker-sdk/src/Core/Domain/Entity/Violation/ViolationReport.php">
      <class name="SprykerSdk\Sdk\Core\Domain\Entity\Violation\ViolationReport" namespace="global">
        <metrics complexity="5" methods="5" coveredmethods="2" conditionals="0" coveredconditionals="0" statements="9" coveredstatements="6" elements="14" coveredelements="8"/>
      </class>
      <line num="40" type="method" name="__construct" visibility="public" complexity="1" crap="1" count="1"/>
      <line num="42" type="stmt" count="1"/>
      <line num="43" type="stmt" count="1"/>
      <line num="44" type="stmt" count="1"/>
      <line num="45" type="stmt" count="1"/>
      <line num="46" type="stmt" count="1"/>
      <line num="51" type="method" name="getProject" visibility="public" complexity="1" crap="2" count="0"/>
      <line num="53" type="stmt" count="0"/>
      <line num="59" type="method" name="getPackages" visibility="public" complexity="1" crap="2" count="0"/>
      <line num="61" type="stmt" count="0"/>
      <line num="67" type="method" name="getPath" visibility="public" complexity="1" crap="1" count="1"/>
      <line num="69" type="stmt" count="1"/>
      <line num="75" type="method" name="getViolations" visibility="public" complexity="1" crap="2" count="0"/>
      <line num="77" type="stmt" count="0"/>
      <metrics loc="79" ncloc="45" classes="1" methods="5" coveredmethods="2" conditionals="0" coveredconditionals="0" statements="9" coveredstatements="6" elements="14" coveredelements="8"/>
    </file>
    <file name="/Users/kizzill/Documents/Spryker/spryker-sdk/spryker-sdk/src/Core/Domain/Entity/Violation/ViolationReportConverter.php">
      <class name="SprykerSdk\Sdk\Core\Domain\Entity\Violation\ViolationReportConverter" namespace="global">
        <metrics complexity="13" methods="13" coveredmethods="0" conditionals="0" coveredconditionals="0" statements="24" coveredstatements="0" elements="37" coveredelements="0"/>
      </class>
[...]
      <class name="SprykerSdk\Sdk\Presentation\Console\DependencyInjection\SprykerSdkConsoleExtension" namespace="global">
        <metrics complexity="1" methods="1" coveredmethods="0" conditionals="0" coveredconditionals="0" statements="1" coveredstatements="0" elements="2" coveredelements="0"/>
      </class>
      <line num="23" type="method" name="load" visibility="public" complexity="1" crap="2" count="0"/>
      <line num="25" type="stmt" count="0"/>
      <metrics loc="27" ncloc="17" classes="1" methods="1" coveredmethods="0" conditionals="0" coveredconditionals="0" statements="1" coveredstatements="0" elements="2" coveredelements="0"/>
    </file>
    <file name="/Users/kizzill/Documents/Spryker/spryker-sdk/spryker-sdk/src/Presentation/Console/Service/SplitStageTaskExecutor.php">
      <class name="SprykerSdk\Sdk\Presentation\Console\Service\SplitStageTaskExecutor" namespace="global">
        <metrics complexity="9" methods="4" coveredmethods="0" conditionals="0" coveredconditionals="0" statements="44" coveredstatements="0" elements="48" coveredelements="0"/>
      </class>
      <line num="44" type="method" name="__construct" visibility="public" complexity="1" crap="2" count="0"/>
      <line num="52" type="stmt" count="0"/>
      <line num="53" type="stmt" count="0"/>
      <line num="54" type="stmt" count="0"/>
      <line num="62" type="method" name="executeTasks" visibility="protected" complexity="4" crap="20" count="0"/>
      <line num="64" type="stmt" count="0"/>
      <line num="65" type="stmt" count="0"/>
      <line num="66" type="stmt" count="0"/>
      <line num="67" type="stmt" count="0"/>
      <line num="69" type="stmt" count="0"/>
      <line num="70" type="stmt" count="0"/>
      <line num="71" type="stmt" count="0"/>
      <line num="72" type="stmt" count="0"/>
      <line num="73" type="stmt" count="0"/>
      <line num="75" type="stmt" count="0"/>
      <line num="76" type="stmt" count="0"/>
      <line num="79" type="stmt" count="0"/>
      <line num="80" type="stmt" count="0"/>
      <line num="82" type="stmt" count="0"/>
      <line num="83" type="stmt" count="0"/>
      <line num="87" type="stmt" count="0"/>
      <line num="88" type="stmt" count="0"/>
      <line num="90" type="stmt" count="0"/>
      <line num="100" type="method" name="buildStageContext" visibility="protected" complexity="2" crap="6" count="0"/>
      <line num="102" type="stmt" count="0"/>
      <line num="103" type="stmt" count="0"/>
      <line num="104" type="stmt" count="0"/>
      <line num="106" type="stmt" count="0"/>
      <line num="107" type="stmt" count="0"/>
      <line num="110" type="stmt" count="0"/>
      <line num="111" type="stmt" count="0"/>
      <line num="113" type="stmt" count="0"/>
      <line num="114" type="stmt" count="0"/>
      <line num="117" type="stmt" count="0"/>
      <line num="122" type="stmt" count="0"/>
      <line num="131" type="method" name="runStage" visibility="protected" complexity="2" crap="6" count="0"/>
      <line num="133" type="stmt" count="0"/>
      <line num="134" type="stmt" count="0"/>
      <line num="143" type="stmt" count="0"/>
      <line num="144" type="stmt" count="0"/>
      <line num="145" type="stmt" count="0"/>
      <line num="147" type="stmt" count="0"/>
      <line num="149" type="stmt" count="0"/>
      <line num="150" type="stmt" count="0"/>
      <line num="152" type="stmt" count="0"/>
      <line num="155" type="stmt" count="0"/>
      <line num="156" type="stmt" count="0"/>
      <line num="158" type="stmt" count="0"/>
      <metrics loc="160" ncloc="125" classes="1" methods="4" coveredmethods="0" conditionals="0" coveredconditionals="0" statements="44" coveredstatements="0" elements="48" coveredelements="0"/>
    </file>
    <file name="/Users/kizzill/Documents/Spryker/spryker-sdk/spryker-sdk/src/Presentation/Console/SprykerSdkConsoleBundle.php">
      <class name="SprykerSdk\Sdk\Presentation\Console\SprykerSdkConsoleBundle" namespace="global">
        <metrics complexity="2" methods="2" coveredmethods="0" conditionals="0" coveredconditionals="0" statements="3" coveredstatements="0" elements="5" coveredelements="0"/>
      </class>
      <line num="24" type="method" name="build" visibility="public" complexity="1" crap="2" count="0"/>
      <line num="26" type="stmt" count="0"/>
      <line num="27" type="stmt" count="0"/>
      <line num="37" type="method" name="createContainerExtension" visibility="public" complexity="1" crap="2" count="0"/>
      <line num="39" type="stmt" count="0"/>
      <metrics loc="41" ncloc="29" classes="1" methods="2" coveredmethods="0" conditionals="0" coveredconditionals="0" statements="3" coveredstatements="0" elements="5" coveredelements="0"/>
    </file>
    <file name="/Users/kizzill/Documents/Spryker/spryker-sdk/spryker-sdk/src/Presentation/Ide/PhpStorm/Dto/Command.php">
      <class name="SprykerSdk\Sdk\Presentation\Ide\PhpStorm\Dto\Command" namespace="global">
        <metrics complexity="5" methods="5" coveredmethods="0" conditionals="0" coveredconditionals="0" statements="8" coveredstatements="0" elements="13" coveredelements="0"/>
      </class>
      <line num="35" type="method" name="__construct" visibility="public" complexity="1" crap="2" count="0"/>
      <line num="37" type="stmt" count="0"/>
      <line num="38" type="stmt" count="0"/>
      <line num="39" type="stmt" count="0"/>
      <line num="40" type="stmt" count="0"/>
      <line num="46" type="method" name="getName" visibility="public" complexity="1" crap="2" count="0"/>
      <line num="48" type="stmt" count="0"/>
      <line num="54" type="method" name="getParams" visibility="public" complexity="1" crap="2" count="0"/>
      <line num="56" type="stmt" count="0"/>
      <line num="62" type="method" name="getOptionsBefore" visibility="public" complexity="1" crap="2" count="0"/>
      <line num="64" type="stmt" count="0"/>
      <line num="70" type="method" name="getHelp" visibility="public" complexity="1" crap="2" count="0"/>
      <line num="72" type="stmt" count="0"/>
      <metrics loc="74" ncloc="43" classes="1" methods="5" coveredmethods="0" conditionals="0" coveredconditionals="0" statements="8" coveredstatements="0" elements="13" coveredelements="0"/>
    </file>
    <file name="/Users/kizzill/Documents/Spryker/spryker-sdk/spryker-sdk/src/Presentation/Ide/PhpStorm/Dto/CommandInterface.php">
      <metrics loc="31" ncloc="15" classes="0" methods="0" coveredmethods="0" conditionals="0" coveredconditionals="0" statements="0" coveredstatements="0" elements="0" coveredelements="0"/>
    </file>
    <file name="/Users/kizzill/Documents/Spryker/spryker-sdk/spryker-sdk/src/Presentation/Ide/PhpStorm/Dto/Option.php">
      <class name="SprykerSdk\Sdk\Presentation\Ide\PhpStorm\Dto\Option" namespace="global">
        <metrics complexity="4" methods="4" coveredmethods="0" conditionals="0" coveredconditionals="0" statements="6" coveredstatements="0" elements="10" coveredelements="0"/>
      </class>
      <line num="32" type="method" name="__construct" visibility="public" complexity="1" crap="2" count="0"/>
      <line num="34" type="stmt" count="0"/>
      <line num="35" type="stmt" count="0"/>
      <line num="36" type="stmt" count="0"/>
      <line num="42" type="method" name="getName" visibility="public" complexity="1" crap="2" count="0"/>
      <line num="44" type="stmt" count="0"/>
      <line num="50" type="method" name="getShortcut" visibility="public" complexity="1" crap="2" count="0"/>
      <line num="52" type="stmt" count="0"/>
      <line num="58" type="method" name="getHelp" visibility="public" complexity="1" crap="2" count="0"/>
      <line num="60" type="stmt" count="0"/>
      <metrics loc="62" ncloc="35" classes="1" methods="4" coveredmethods="0" conditionals="0" coveredconditionals="0" statements="6" coveredstatements="0" elements="10" coveredelements="0"/>
    </file>
    <file name="/Users/kizzill/Documents/Spryker/spryker-sdk/spryker-sdk/src/Presentation/Ide/PhpStorm/Dto/OptionInterface.php">
      <metrics loc="26" ncloc="13" classes="0" methods="0" coveredmethods="0" conditionals="0" coveredconditionals="0" statements="0" coveredstatements="0" elements="0" coveredelements="0"/>
    </file>
    <file name="/Users/kizzill/Documents/Spryker/spryker-sdk/spryker-sdk/src/Presentation/Ide/PhpStorm/Dto/Param.php">
      <class name="SprykerSdk\Sdk\Presentation\Ide\PhpStorm\Dto\Param" namespace="global">
        <metrics complexity="3" methods="3" coveredmethods="0" conditionals="0" coveredconditionals="0" statements="4" coveredstatements="0" elements="7" coveredelements="0"/>
      </class>
      <line num="24" type="method" name="__construct" visibility="public" complexity="1" crap="2" count="0"/>
      <line num="26" type="stmt" count="0"/>
      <line num="27" type="stmt" count="0"/>
      <line num="33" type="method" name="getName" visibility="public" complexity="1" crap="2" count="0"/>
      <line num="35" type="stmt" count="0"/>
      <line num="41" type="method" name="getDefaultValue" visibility="public" complexity="1" crap="2" count="0"/>
      <line num="43" type="stmt" count="0"/>
      <metrics loc="45" ncloc="27" classes="1" methods="3" coveredmethods="0" conditionals="0" coveredconditionals="0" statements="4" coveredstatements="0" elements="7" coveredelements="0"/>
    </file>
    <file name="/Users/kizzill/Documents/Spryker/spryker-sdk/spryker-sdk/src/Presentation/Ide/PhpStorm/Dto/ParamInterface.php">
      <metrics loc="21" ncloc="11" classes="0" methods="0" coveredmethods="0" conditionals="0" coveredconditionals="0" statements="0" coveredstatements="0" elements="0" coveredelements="0"/>
    </file>
    <file name="/Users/kizzill/Documents/Spryker/spryker-sdk/spryker-sdk/src/Presentation/Ide/PhpStorm/Formatter/CommandXmlFormatter.php">
      <class name="SprykerSdk\Sdk\Presentation\Ide\PhpStorm\Formatter\CommandXmlFormatter" namespace="global">
        <metrics complexity="5" methods="3" coveredmethods="0" conditionals="0" coveredconditionals="0" statements="9" coveredstatements="0" elements="12" coveredelements="0"/>
      </class>
      <line num="19" type="method" name="format" visibility="public" complexity="1" crap="2" count="0"/>
      <line num="21" type="stmt" count="0"/>
      <line num="34" type="method" name="formatParams" visibility="protected" complexity="2" crap="6" count="0"/>
      <line num="36" type="stmt" count="0"/>
      <line num="38" type="stmt" count="0"/>
      <line num="39" type="stmt" count="0"/>
      <line num="45" type="stmt" count="0"/>
      <line num="53" type="method" name="formatOptionsBefore" visibility="protected" complexity="2" crap="6" count="0"/>
      <line num="55" type="stmt" count="0"/>
      <line num="57" type="stmt" count="0"/>
      <line num="58" type="stmt" count="0"/>
      <line num="65" type="stmt" count="0"/>
      <metrics loc="67" ncloc="48" classes="1" methods="3" coveredmethods="0" conditionals="0" coveredconditionals="0" statements="9" coveredstatements="0" elements="12" coveredelements="0"/>
    </file>
    <file name="/Users/kizzill/Documents/Spryker/spryker-sdk/spryker-sdk/src/Presentation/Ide/PhpStorm/Formatter/CommandXmlFormatterInterface.php">
      <metrics loc="20" ncloc="11" classes="0" methods="0" coveredmethods="0" conditionals="0" coveredconditionals="0" statements="0" coveredstatements="0" elements="0" coveredelements="0"/>
    </file>
    <file name="/Users/kizzill/Documents/Spryker/spryker-sdk/spryker-sdk/src/Presentation/Ide/PhpStorm/Mapper/CommandMapper.php">
      <class name="SprykerSdk\Sdk\Presentation\Ide\PhpStorm\Mapper\CommandMapper" namespace="global">
        <metrics complexity="6" methods="4" coveredmethods="0" conditionals="0" coveredconditionals="0" statements="11" coveredstatements="0" elements="15" coveredelements="0"/>
      </class>
      <line num="24" type="method" name="__construct" visibility="public" complexity="1" crap="2" count="0"/>
      <line num="26" type="stmt" count="0"/>
      <line num="27" type="stmt" count="0"/>
      <line num="35" type="method" name="mapToIdeCommand" visibility="public" complexity="1" crap="2" count="0"/>
      <line num="37" type="stmt" count="0"/>
      <line num="50" type="method" name="mapParams" visibility="protected" complexity="2" crap="6" count="0"/>
      <line num="52" type="stmt" count="0"/>
      <line num="54" type="stmt" count="0"/>
      <line num="55" type="stmt" count="0"/>
      <line num="58" type="stmt" count="0"/>
      <line num="66" type="method" name="mapOptions" visibility="protected" complexity="2" crap="6" count="0"/>
      <line num="68" type="stmt" count="0"/>
      <line num="70" type="stmt" count="0"/>
      <line num="71" type="stmt" count="0"/>
      <line num="74" type="stmt" count="0"/>
      <metrics loc="76" ncloc="53" classes="1" methods="4" coveredmethods="0" conditionals="0" coveredconditionals="0" statements="11" coveredstatements="0" elements="15" coveredelements="0"/>
    </file>
    <file name="/Users/kizzill/Documents/Spryker/spryker-sdk/spryker-sdk/src/Presentation/Ide/PhpStorm/Mapper/CommandMapperInterface.php">
      <metrics loc="21" ncloc="12" classes="0" methods="0" coveredmethods="0" conditionals="0" coveredconditionals="0" statements="0" coveredstatements="0" elements="0" coveredelements="0"/>
    </file>
    <file name="/Users/kizzill/Documents/Spryker/spryker-sdk/spryker-sdk/src/Presentation/Ide/PhpStorm/Mapper/OptionMapper.php">
      <class name="SprykerSdk\Sdk\Presentation\Ide\PhpStorm\Mapper\OptionMapper" namespace="global">
        <metrics complexity="1" methods="1" coveredmethods="0" conditionals="0" coveredconditionals="0" statements="1" coveredstatements="0" elements="2" coveredelements="0"/>
      </class>
      <line num="21" type="method" name="mapToIdeOption" visibility="public" complexity="1" crap="2" count="0"/>
      <line num="23" type="stmt" count="0"/>
      <metrics loc="29" ncloc="20" classes="1" methods="1" coveredmethods="0" conditionals="0" coveredconditionals="0" statements="1" coveredstatements="0" elements="2" coveredelements="0"/>
    </file>
    <file name="/Users/kizzill/Documents/Spryker/spryker-sdk/spryker-sdk/src/Presentation/Ide/PhpStorm/Mapper/OptionMapperInterface.php">
      <metrics loc="21" ncloc="12" classes="0" methods="0" coveredmethods="0" conditionals="0" coveredconditionals="0" statements="0" coveredstatements="0" elements="0" coveredelements="0"/>
    </file>
    <file name="/Users/kizzill/Documents/Spryker/spryker-sdk/spryker-sdk/src/Presentation/Ide/PhpStorm/Mapper/ParamMapper.php">
      <class name="SprykerSdk\Sdk\Presentation\Ide\PhpStorm\Mapper\ParamMapper" namespace="global">
        <metrics complexity="1" methods="1" coveredmethods="0" conditionals="0" coveredconditionals="0" statements="1" coveredstatements="0" elements="2" coveredelements="0"/>
      </class>
      <line num="21" type="method" name="mapToIdeParam" visibility="public" complexity="1" crap="2" count="0"/>
      <line num="23" type="stmt" count="0"/>
      <metrics loc="28" ncloc="19" classes="1" methods="1" coveredmethods="0" conditionals="0" coveredconditionals="0" statements="1" coveredstatements="0" elements="2" coveredelements="0"/>
    </file>
    <file name="/Users/kizzill/Documents/Spryker/spryker-sdk/spryker-sdk/src/Presentation/Ide/PhpStorm/Mapper/ParamMapperInterface.php">
      <metrics loc="21" ncloc="12" classes="0" methods="0" coveredmethods="0" conditionals="0" coveredconditionals="0" statements="0" coveredstatements="0" elements="0" coveredelements="0"/>
    </file>
    <file name="/Users/kizzill/Documents/Spryker/spryker-sdk/spryker-sdk/src/Presentation/Ide/PhpStorm/Service/CommandLoader.php">
      <class name="SprykerSdk\Sdk\Presentation\Ide\PhpStorm\Service\CommandLoader" namespace="global">
        <metrics complexity="4" methods="3" coveredmethods="0" conditionals="0" coveredconditionals="0" statements="10" coveredstatements="0" elements="13" coveredelements="0"/>
      </class>
      <line num="27" type="method" name="__construct" visibility="public" complexity="1" crap="2" count="0"/>
      <line num="29" type="stmt" count="0"/>
      <line num="30" type="stmt" count="0"/>
      <line num="31" type="stmt" count="0"/>
      <line num="37" type="method" name="load" visibility="public" complexity="1" crap="2" count="0"/>
      <line num="39" type="stmt" count="0"/>
      <line num="41" type="stmt" count="0"/>
      <line num="49" type="method" name="mapTasks" visibility="protected" complexity="2" crap="6" count="0"/>
      <line num="51" type="stmt" count="0"/>
      <line num="53" type="stmt" count="0"/>
      <line num="54" type="stmt" count="0"/>
      <line num="56" type="stmt" count="0"/>
      <line num="59" type="stmt" count="0"/>
      <metrics loc="61" ncloc="44" classes="1" methods="3" coveredmethods="0" conditionals="0" coveredconditionals="0" statements="10" coveredstatements="0" elements="13" coveredelements="0"/>
    </file>
    <file name="/Users/kizzill/Documents/Spryker/spryker-sdk/spryker-sdk/src/Presentation/Ide/PhpStorm/Service/CommandLoaderInterface.php">
      <metrics loc="16" ncloc="9" classes="0" methods="0" coveredmethods="0" conditionals="0" coveredconditionals="0" statements="0" coveredstatements="0" elements="0" coveredelements="0"/>
    </file>
    <file name="/Users/kizzill/Documents/Spryker/spryker-sdk/spryker-sdk/src/Presentation/Ide/PhpStorm/Service/ConfigManager.php">
      <class name="SprykerSdk\Sdk\Presentation\Ide\PhpStorm\Service\ConfigManager" namespace="global">
        <metrics complexity="7" methods="5" coveredmethods="0" conditionals="0" coveredconditionals="0" statements="19" coveredstatements="0" elements="24" coveredelements="0"/>
      </class>
      <line num="47" type="method" name="__construct" visibility="public" complexity="1" crap="2" count="0"/>
      <line num="53" type="stmt" count="0"/>
      <line num="54" type="stmt" count="0"/>
      <line num="55" type="stmt" count="0"/>
      <line num="56" type="stmt" count="0"/>
      <line num="62" type="method" name="createXmlFile" visibility="public" complexity="1" crap="2" count="0"/>
      <line num="64" type="stmt" count="0"/>
      <line num="65" type="stmt" count="0"/>
      <line num="67" type="stmt" count="0"/>
      <line num="68" type="stmt" count="0"/>
      <line num="70" type="stmt" count="0"/>
      <line num="72" type="stmt" count="0"/>
      <line num="81" type="method" name="prepareConfig" visibility="protected" complexity="1" crap="2" count="0"/>
      <line num="83" type="stmt" count="0"/>
      <line num="103" type="method" name="getSetting" visibility="protected" complexity="2" crap="6" count="0"/>
      <line num="105" type="stmt" count="0"/>
      <line num="107" type="stmt" count="0"/>
      <line num="108" type="stmt" count="0"/>
      <line num="111" type="stmt" count="0"/>
      <line num="119" type="method" name="formatCommands" visibility="protected" complexity="2" crap="6" count="0"/>
      <line num="121" type="stmt" count="0"/>
      <line num="123" type="stmt" count="0"/>
      <line num="124" type="stmt" count="0"/>
      <line num="127" type="stmt" count="0"/>
      <metrics loc="129" ncloc="89" classes="1" methods="5" coveredmethods="0" conditionals="0" coveredconditionals="0" statements="19" coveredstatements="0" elements="24" coveredelements="0"/>
    </file>
    <file name="/Users/kizzill/Documents/Spryker/spryker-sdk/spryker-sdk/src/Presentation/Ide/PhpStorm/Service/ConfigManagerInterface.php">
      <metrics loc="16" ncloc="9" classes="0" methods="0" coveredmethods="0" conditionals="0" coveredconditionals="0" statements="0" coveredstatements="0" elements="0" coveredelements="0"/>
    </file>
    <metrics files="180" loc="12902" ncloc="8578" classes="118" methods="594" coveredmethods="49" conditionals="0" coveredconditionals="0" statements="1931" coveredstatements="199" elements="2525" coveredelements="248"/>
  </project>
</coverage>
